<test-run id="2" testcasecount="0" result="Passed" start-time="2025-08-05 17:06:35.972037" end-time="2025-08-05 17:06:45.196291" duration="9" total="0" passed="0" failed="0" inconclusive="0" skipped="0" asserts="0" clr-version="3.12.10 (main, Apr  9 2025, 03:49:38) [Clang 20.1.0 ]" engine-version="3.6.2"><command-line>/Users/davidtorres/Repos/Concierge/Concierge-Framework/.venv/lib/python3.12/site-packages/pytest/__main__.py -p vscode_pytest --collect-only python/tests --rootdir=/Users/davidtorres/Repos/GitHub/semantic-kernel</command-line><filter><test re="0">python/tests</test></filter><test-suite id="python/tests/unit/agents/test_run_polling_options.py" name="python/tests/unit/agents/test_run_polling_options.py" fullname="python/tests/unit/agents/test_run_polling_options.py" methodname="" classname="" runstate="Runnable" type="Assembly" testcasecount="0" result="Passed" label="" start-time="0001-01-01 00:00:00.000000" end-time="0001-01-01 00:00:00.000000" duration="0.0" asserts="0" total="0" passed="0" failed="0" warnings="0" inconclusive="0" skipped="0"><properties><property name="python_version" value="3.12.10 (main, Apr  9 2025, 03:49:38) [Clang 20.1.0 ]" /></properties><environment framework-version="3.6.2" clr-version="3.12.10 (main, Apr  9 2025, 03:49:38) [Clang 20.1.0 ]" os-version="24.6.0" platform="Darwin" cwd="/Users/davidtorres/Repos/GitHub/semantic-kernel" machine-name="arm64" user="" user-domain="" culture="C" uiculture="C" os-architecture="64bit" /></test-suite><test-suite id="python/tests/unit/prompt_template/test_prompt_template_e2e.py" name="python/tests/unit/prompt_template/test_prompt_template_e2e.py" fullname="python/tests/unit/prompt_template/test_prompt_template_e2e.py" methodname="" classname="" runstate="Runnable" type="Assembly" testcasecount="0" result="Passed" label="" start-time="0001-01-01 00:00:00.000000" end-time="0001-01-01 00:00:00.000000" duration="0.0" asserts="0" total="0" passed="0" failed="0" warnings="0" inconclusive="0" skipped="0"><properties><property name="python_version" value="3.12.10 (main, Apr  9 2025, 03:49:38) [Clang 20.1.0 ]" /></properties><environment framework-version="3.6.2" clr-version="3.12.10 (main, Apr  9 2025, 03:49:38) [Clang 20.1.0 ]" os-version="24.6.0" platform="Darwin" cwd="/Users/davidtorres/Repos/GitHub/semantic-kernel" machine-name="arm64" user="" user-domain="" culture="C" uiculture="C" os-architecture="64bit" /></test-suite><test-suite id="python/tests/unit/processes/local_runtime/test_local_process.py" name="python/tests/unit/processes/local_runtime/test_local_process.py" fullname="python/tests/unit/processes/local_runtime/test_local_process.py" methodname="" classname="" runstate="Runnable" type="Assembly" testcasecount="0" result="Passed" label="" start-time="0001-01-01 00:00:00.000000" end-time="0001-01-01 00:00:00.000000" duration="0.0" asserts="0" total="0" passed="0" failed="0" warnings="0" inconclusive="0" skipped="0"><properties><property name="python_version" value="3.12.10 (main, Apr  9 2025, 03:49:38) [Clang 20.1.0 ]" /></properties><environment framework-version="3.6.2" clr-version="3.12.10 (main, Apr  9 2025, 03:49:38) [Clang 20.1.0 ]" os-version="24.6.0" platform="Darwin" cwd="/Users/davidtorres/Repos/GitHub/semantic-kernel" machine-name="arm64" user="" user-domain="" culture="C" uiculture="C" os-architecture="64bit" /></test-suite><test-suite id="python/tests/unit/prompt_template/test_template_helper.py" name="python/tests/unit/prompt_template/test_template_helper.py" fullname="python/tests/unit/prompt_template/test_template_helper.py" methodname="" classname="" runstate="Runnable" type="Assembly" testcasecount="0" result="Passed" label="" start-time="0001-01-01 00:00:00.000000" end-time="0001-01-01 00:00:00.000000" duration="0.0" asserts="0" total="0" passed="0" failed="0" warnings="0" inconclusive="0" skipped="0"><properties><property name="python_version" value="3.12.10 (main, Apr  9 2025, 03:49:38) [Clang 20.1.0 ]" /></properties><environment framework-version="3.6.2" clr-version="3.12.10 (main, Apr  9 2025, 03:49:38) [Clang 20.1.0 ]" os-version="24.6.0" platform="Darwin" cwd="/Users/davidtorres/Repos/GitHub/semantic-kernel" machine-name="arm64" user="" user-domain="" culture="C" uiculture="C" os-architecture="64bit" /></test-suite><test-suite id="python/tests/unit/connectors/ai/test_completion_token_usage.py" name="python/tests/unit/connectors/ai/test_completion_token_usage.py" fullname="python/tests/unit/connectors/ai/test_completion_token_usage.py" methodname="" classname="" runstate="Runnable" type="Assembly" testcasecount="0" result="Passed" label="" start-time="0001-01-01 00:00:00.000000" end-time="0001-01-01 00:00:00.000000" duration="0.0" asserts="0" total="0" passed="0" failed="0" warnings="0" inconclusive="0" skipped="0"><properties><property name="python_version" value="3.12.10 (main, Apr  9 2025, 03:49:38) [Clang 20.1.0 ]" /></properties><environment framework-version="3.6.2" clr-version="3.12.10 (main, Apr  9 2025, 03:49:38) [Clang 20.1.0 ]" os-version="24.6.0" platform="Darwin" cwd="/Users/davidtorres/Repos/GitHub/semantic-kernel" machine-name="arm64" user="" user-domain="" culture="C" uiculture="C" os-architecture="64bit" /></test-suite><test-suite id="python/tests/unit/kernel/test_register_functions.py" name="python/tests/unit/kernel/test_register_functions.py" fullname="python/tests/unit/kernel/test_register_functions.py" methodname="" classname="" runstate="Runnable" type="Assembly" testcasecount="0" result="Passed" label="" start-time="0001-01-01 00:00:00.000000" end-time="0001-01-01 00:00:00.000000" duration="0.0" asserts="0" total="0" passed="0" failed="0" warnings="0" inconclusive="0" skipped="0"><properties><property name="python_version" value="3.12.10 (main, Apr  9 2025, 03:49:38) [Clang 20.1.0 ]" /></properties><environment framework-version="3.6.2" clr-version="3.12.10 (main, Apr  9 2025, 03:49:38) [Clang 20.1.0 ]" os-version="24.6.0" platform="Darwin" cwd="/Users/davidtorres/Repos/GitHub/semantic-kernel" machine-name="arm64" user="" user-domain="" culture="C" uiculture="C" os-architecture="64bit" /></test-suite><test-suite id="python/tests/unit/connectors/memory/test_in_memory.py" name="python/tests/unit/connectors/memory/test_in_memory.py" fullname="python/tests/unit/connectors/memory/test_in_memory.py" methodname="" classname="" runstate="Runnable" type="Assembly" testcasecount="0" result="Passed" label="" start-time="0001-01-01 00:00:00.000000" end-time="0001-01-01 00:00:00.000000" duration="0.0" asserts="0" total="0" passed="0" failed="0" warnings="0" inconclusive="0" skipped="0"><properties><property name="python_version" value="3.12.10 (main, Apr  9 2025, 03:49:38) [Clang 20.1.0 ]" /></properties><environment framework-version="3.6.2" clr-version="3.12.10 (main, Apr  9 2025, 03:49:38) [Clang 20.1.0 ]" os-version="24.6.0" platform="Darwin" cwd="/Users/davidtorres/Repos/GitHub/semantic-kernel" machine-name="arm64" user="" user-domain="" culture="C" uiculture="C" os-architecture="64bit" /></test-suite><test-suite id="python/tests/unit/template_engine/test_code_tokenizer.py" name="python/tests/unit/template_engine/test_code_tokenizer.py" fullname="python/tests/unit/template_engine/test_code_tokenizer.py" methodname="" classname="" runstate="Runnable" type="Assembly" testcasecount="0" result="Passed" label="" start-time="0001-01-01 00:00:00.000000" end-time="0001-01-01 00:00:00.000000" duration="0.0" asserts="0" total="0" passed="0" failed="0" warnings="0" inconclusive="0" skipped="0"><properties><property name="python_version" value="3.12.10 (main, Apr  9 2025, 03:49:38) [Clang 20.1.0 ]" /></properties><environment framework-version="3.6.2" clr-version="3.12.10 (main, Apr  9 2025, 03:49:38) [Clang 20.1.0 ]" os-version="24.6.0" platform="Darwin" cwd="/Users/davidtorres/Repos/GitHub/semantic-kernel" machine-name="arm64" user="" user-domain="" culture="C" uiculture="C" os-architecture="64bit" /></test-suite><test-suite id="python/tests/integration/kernel/test_kernel_integration.py" name="python/tests/integration/kernel/test_kernel_integration.py" fullname="python/tests/integration/kernel/test_kernel_integration.py" methodname="" classname="" runstate="Runnable" type="Assembly" testcasecount="0" result="Passed" label="" start-time="0001-01-01 00:00:00.000000" end-time="0001-01-01 00:00:00.000000" duration="0.0" asserts="0" total="0" passed="0" failed="0" warnings="0" inconclusive="0" skipped="0"><properties><property name="python_version" value="3.12.10 (main, Apr  9 2025, 03:49:38) [Clang 20.1.0 ]" /></properties><environment framework-version="3.6.2" clr-version="3.12.10 (main, Apr  9 2025, 03:49:38) [Clang 20.1.0 ]" os-version="24.6.0" platform="Darwin" cwd="/Users/davidtorres/Repos/GitHub/semantic-kernel" machine-name="arm64" user="" user-domain="" culture="C" uiculture="C" os-architecture="64bit" /></test-suite><test-suite id="python/tests/unit/prompt_template/test_prompt_templates.py" name="python/tests/unit/prompt_template/test_prompt_templates.py" fullname="python/tests/unit/prompt_template/test_prompt_templates.py" methodname="" classname="" runstate="Runnable" type="Assembly" testcasecount="0" result="Passed" label="" start-time="0001-01-01 00:00:00.000000" end-time="0001-01-01 00:00:00.000000" duration="0.0" asserts="0" total="0" passed="0" failed="0" warnings="0" inconclusive="0" skipped="0"><properties><property name="python_version" value="3.12.10 (main, Apr  9 2025, 03:49:38) [Clang 20.1.0 ]" /></properties><environment framework-version="3.6.2" clr-version="3.12.10 (main, Apr  9 2025, 03:49:38) [Clang 20.1.0 ]" os-version="24.6.0" platform="Darwin" cwd="/Users/davidtorres/Repos/GitHub/semantic-kernel" machine-name="arm64" user="" user-domain="" culture="C" uiculture="C" os-architecture="64bit" /></test-suite><test-suite id="python/tests/unit/functions/test_kernel_arguments.py" name="python/tests/unit/functions/test_kernel_arguments.py" fullname="python/tests/unit/functions/test_kernel_arguments.py" methodname="" classname="" runstate="Runnable" type="Assembly" testcasecount="0" result="Passed" label="" start-time="0001-01-01 00:00:00.000000" end-time="0001-01-01 00:00:00.000000" duration="0.0" asserts="0" total="0" passed="0" failed="0" warnings="0" inconclusive="0" skipped="0"><properties><property name="python_version" value="3.12.10 (main, Apr  9 2025, 03:49:38) [Clang 20.1.0 ]" /></properties><environment framework-version="3.6.2" clr-version="3.12.10 (main, Apr  9 2025, 03:49:38) [Clang 20.1.0 ]" os-version="24.6.0" platform="Darwin" cwd="/Users/davidtorres/Repos/GitHub/semantic-kernel" machine-name="arm64" user="" user-domain="" culture="C" uiculture="C" os-architecture="64bit" /></test-suite><test-suite id="python/tests/unit/agents/openai_assistant/test_azure_assistant_agent.py" name="python/tests/unit/agents/openai_assistant/test_azure_assistant_agent.py" fullname="python/tests/unit/agents/openai_assistant/test_azure_assistant_agent.py" methodname="" classname="" runstate="Runnable" type="Assembly" testcasecount="0" result="Passed" label="" start-time="0001-01-01 00:00:00.000000" end-time="0001-01-01 00:00:00.000000" duration="0.0" asserts="0" total="0" passed="0" failed="0" warnings="0" inconclusive="0" skipped="0"><properties><property name="python_version" value="3.12.10 (main, Apr  9 2025, 03:49:38) [Clang 20.1.0 ]" /></properties><environment framework-version="3.6.2" clr-version="3.12.10 (main, Apr  9 2025, 03:49:38) [Clang 20.1.0 ]" os-version="24.6.0" platform="Darwin" cwd="/Users/davidtorres/Repos/GitHub/semantic-kernel" machine-name="arm64" user="" user-domain="" culture="C" uiculture="C" os-architecture="64bit" /></test-suite><test-suite id="python/tests/unit/connectors/ai/onnx/services/test_onnx_text_completion.py" name="python/tests/unit/connectors/ai/onnx/services/test_onnx_text_completion.py" fullname="python/tests/unit/connectors/ai/onnx/services/test_onnx_text_completion.py" methodname="" classname="" runstate="Runnable" type="Assembly" testcasecount="0" result="Passed" label="" start-time="0001-01-01 00:00:00.000000" end-time="0001-01-01 00:00:00.000000" duration="0.0" asserts="0" total="0" passed="0" failed="0" warnings="0" inconclusive="0" skipped="0"><properties><property name="python_version" value="3.12.10 (main, Apr  9 2025, 03:49:38) [Clang 20.1.0 ]" /></properties><environment framework-version="3.6.2" clr-version="3.12.10 (main, Apr  9 2025, 03:49:38) [Clang 20.1.0 ]" os-version="24.6.0" platform="Darwin" cwd="/Users/davidtorres/Repos/GitHub/semantic-kernel" machine-name="arm64" user="" user-domain="" culture="C" uiculture="C" os-architecture="64bit" /></test-suite><test-suite id="python/tests/unit/contents/test_streaming_file_reference_content.py" name="python/tests/unit/contents/test_streaming_file_reference_content.py" fullname="python/tests/unit/contents/test_streaming_file_reference_content.py" methodname="" classname="" runstate="Runnable" type="Assembly" testcasecount="0" result="Passed" label="" start-time="0001-01-01 00:00:00.000000" end-time="0001-01-01 00:00:00.000000" duration="0.0" asserts="0" total="0" passed="0" failed="0" warnings="0" inconclusive="0" skipped="0"><properties><property name="python_version" value="3.12.10 (main, Apr  9 2025, 03:49:38) [Clang 20.1.0 ]" /></properties><environment framework-version="3.6.2" clr-version="3.12.10 (main, Apr  9 2025, 03:49:38) [Clang 20.1.0 ]" os-version="24.6.0" platform="Darwin" cwd="/Users/davidtorres/Repos/GitHub/semantic-kernel" machine-name="arm64" user="" user-domain="" culture="C" uiculture="C" os-architecture="64bit" /></test-suite><test-suite id="python/tests/unit/connectors/ai/ollama/test_ollama_request_settings.py" name="python/tests/unit/connectors/ai/ollama/test_ollama_request_settings.py" fullname="python/tests/unit/connectors/ai/ollama/test_ollama_request_settings.py" methodname="" classname="" runstate="Runnable" type="Assembly" testcasecount="0" result="Passed" label="" start-time="0001-01-01 00:00:00.000000" end-time="0001-01-01 00:00:00.000000" duration="0.0" asserts="0" total="0" passed="0" failed="0" warnings="0" inconclusive="0" skipped="0"><properties><property name="python_version" value="3.12.10 (main, Apr  9 2025, 03:49:38) [Clang 20.1.0 ]" /></properties><environment framework-version="3.6.2" clr-version="3.12.10 (main, Apr  9 2025, 03:49:38) [Clang 20.1.0 ]" os-version="24.6.0" platform="Darwin" cwd="/Users/davidtorres/Repos/GitHub/semantic-kernel" machine-name="arm64" user="" user-domain="" culture="C" uiculture="C" os-architecture="64bit" /></test-suite><test-suite id="python/tests/unit/agents/test_group_chat/test_agent_channel.py" name="python/tests/unit/agents/test_group_chat/test_agent_channel.py" fullname="python/tests/unit/agents/test_group_chat/test_agent_channel.py" methodname="" classname="" runstate="Runnable" type="Assembly" testcasecount="0" result="Passed" label="" start-time="0001-01-01 00:00:00.000000" end-time="0001-01-01 00:00:00.000000" duration="0.0" asserts="0" total="0" passed="0" failed="0" warnings="0" inconclusive="0" skipped="0"><properties><property name="python_version" value="3.12.10 (main, Apr  9 2025, 03:49:38) [Clang 20.1.0 ]" /></properties><environment framework-version="3.6.2" clr-version="3.12.10 (main, Apr  9 2025, 03:49:38) [Clang 20.1.0 ]" os-version="24.6.0" platform="Darwin" cwd="/Users/davidtorres/Repos/GitHub/semantic-kernel" machine-name="arm64" user="" user-domain="" culture="C" uiculture="C" os-architecture="64bit" /></test-suite><test-suite id="python/tests/unit/connectors/memory/mongodb_atlas/test_mongodb_atlas_collection.py" name="python/tests/unit/connectors/memory/mongodb_atlas/test_mongodb_atlas_collection.py" fullname="python/tests/unit/connectors/memory/mongodb_atlas/test_mongodb_atlas_collection.py" methodname="" classname="" runstate="Runnable" type="Assembly" testcasecount="0" result="Passed" label="" start-time="0001-01-01 00:00:00.000000" end-time="0001-01-01 00:00:00.000000" duration="0.0" asserts="0" total="0" passed="0" failed="0" warnings="0" inconclusive="0" skipped="0"><properties><property name="python_version" value="3.12.10 (main, Apr  9 2025, 03:49:38) [Clang 20.1.0 ]" /></properties><environment framework-version="3.6.2" clr-version="3.12.10 (main, Apr  9 2025, 03:49:38) [Clang 20.1.0 ]" os-version="24.6.0" platform="Darwin" cwd="/Users/davidtorres/Repos/GitHub/semantic-kernel" machine-name="arm64" user="" user-domain="" culture="C" uiculture="C" os-architecture="64bit" /></test-suite><test-suite id="python/tests/unit/processes/local_runtime/test_local_step.py" name="python/tests/unit/processes/local_runtime/test_local_step.py" fullname="python/tests/unit/processes/local_runtime/test_local_step.py" methodname="" classname="" runstate="Runnable" type="Assembly" testcasecount="0" result="Passed" label="" start-time="0001-01-01 00:00:00.000000" end-time="0001-01-01 00:00:00.000000" duration="0.0" asserts="0" total="0" passed="0" failed="0" warnings="0" inconclusive="0" skipped="0"><properties><property name="python_version" value="3.12.10 (main, Apr  9 2025, 03:49:38) [Clang 20.1.0 ]" /></properties><environment framework-version="3.6.2" clr-version="3.12.10 (main, Apr  9 2025, 03:49:38) [Clang 20.1.0 ]" os-version="24.6.0" platform="Darwin" cwd="/Users/davidtorres/Repos/GitHub/semantic-kernel" machine-name="arm64" user="" user-domain="" culture="C" uiculture="C" os-architecture="64bit" /></test-suite><test-suite id="python/tests/unit/core_plugins/test_math_plugin.py" name="python/tests/unit/core_plugins/test_math_plugin.py" fullname="python/tests/unit/core_plugins/test_math_plugin.py" methodname="" classname="" runstate="Runnable" type="Assembly" testcasecount="0" result="Passed" label="" start-time="0001-01-01 00:00:00.000000" end-time="0001-01-01 00:00:00.000000" duration="0.0" asserts="0" total="0" passed="0" failed="0" warnings="0" inconclusive="0" skipped="0"><properties><property name="python_version" value="3.12.10 (main, Apr  9 2025, 03:49:38) [Clang 20.1.0 ]" /></properties><environment framework-version="3.6.2" clr-version="3.12.10 (main, Apr  9 2025, 03:49:38) [Clang 20.1.0 ]" os-version="24.6.0" platform="Darwin" cwd="/Users/davidtorres/Repos/GitHub/semantic-kernel" machine-name="arm64" user="" user-domain="" culture="C" uiculture="C" os-architecture="64bit" /></test-suite><test-suite id="python/tests/unit/connectors/memory/azure_cosmos_db/test_azure_cosmos_db_no_sql_store.py" name="python/tests/unit/connectors/memory/azure_cosmos_db/test_azure_cosmos_db_no_sql_store.py" fullname="python/tests/unit/connectors/memory/azure_cosmos_db/test_azure_cosmos_db_no_sql_store.py" methodname="" classname="" runstate="Runnable" type="Assembly" testcasecount="0" result="Passed" label="" start-time="0001-01-01 00:00:00.000000" end-time="0001-01-01 00:00:00.000000" duration="0.0" asserts="0" total="0" passed="0" failed="0" warnings="0" inconclusive="0" skipped="0"><properties><property name="python_version" value="3.12.10 (main, Apr  9 2025, 03:49:38) [Clang 20.1.0 ]" /></properties><environment framework-version="3.6.2" clr-version="3.12.10 (main, Apr  9 2025, 03:49:38) [Clang 20.1.0 ]" os-version="24.6.0" platform="Darwin" cwd="/Users/davidtorres/Repos/GitHub/semantic-kernel" machine-name="arm64" user="" user-domain="" culture="C" uiculture="C" os-architecture="64bit" /></test-suite><test-suite id="python/tests/unit/contents/test_function_call_content.py" name="python/tests/unit/contents/test_function_call_content.py" fullname="python/tests/unit/contents/test_function_call_content.py" methodname="" classname="" runstate="Runnable" type="Assembly" testcasecount="0" result="Passed" label="" start-time="0001-01-01 00:00:00.000000" end-time="0001-01-01 00:00:00.000000" duration="0.0" asserts="0" total="0" passed="0" failed="0" warnings="0" inconclusive="0" skipped="0"><properties><property name="python_version" value="3.12.10 (main, Apr  9 2025, 03:49:38) [Clang 20.1.0 ]" /></properties><environment framework-version="3.6.2" clr-version="3.12.10 (main, Apr  9 2025, 03:49:38) [Clang 20.1.0 ]" os-version="24.6.0" platform="Darwin" cwd="/Users/davidtorres/Repos/GitHub/semantic-kernel" machine-name="arm64" user="" user-domain="" culture="C" uiculture="C" os-architecture="64bit" /></test-suite><test-suite id="python/tests/unit/connectors/openapi_plugin/test_sk_openapi.py" name="python/tests/unit/connectors/openapi_plugin/test_sk_openapi.py" fullname="python/tests/unit/connectors/openapi_plugin/test_sk_openapi.py" methodname="" classname="" runstate="Runnable" type="Assembly" testcasecount="0" result="Passed" label="" start-time="0001-01-01 00:00:00.000000" end-time="0001-01-01 00:00:00.000000" duration="0.0" asserts="0" total="0" passed="0" failed="0" warnings="0" inconclusive="0" skipped="0"><properties><property name="python_version" value="3.12.10 (main, Apr  9 2025, 03:49:38) [Clang 20.1.0 ]" /></properties><environment framework-version="3.6.2" clr-version="3.12.10 (main, Apr  9 2025, 03:49:38) [Clang 20.1.0 ]" os-version="24.6.0" platform="Darwin" cwd="/Users/davidtorres/Repos/GitHub/semantic-kernel" machine-name="arm64" user="" user-domain="" culture="C" uiculture="C" os-architecture="64bit" /></test-suite><test-suite id="python/tests/unit/contents/test_chat_history_reducer_utils.py" name="python/tests/unit/contents/test_chat_history_reducer_utils.py" fullname="python/tests/unit/contents/test_chat_history_reducer_utils.py" methodname="" classname="" runstate="Runnable" type="Assembly" testcasecount="0" result="Passed" label="" start-time="0001-01-01 00:00:00.000000" end-time="0001-01-01 00:00:00.000000" duration="0.0" asserts="0" total="0" passed="0" failed="0" warnings="0" inconclusive="0" skipped="0"><properties><property name="python_version" value="3.12.10 (main, Apr  9 2025, 03:49:38) [Clang 20.1.0 ]" /></properties><environment framework-version="3.6.2" clr-version="3.12.10 (main, Apr  9 2025, 03:49:38) [Clang 20.1.0 ]" os-version="24.6.0" platform="Darwin" cwd="/Users/davidtorres/Repos/GitHub/semantic-kernel" machine-name="arm64" user="" user-domain="" culture="C" uiculture="C" os-architecture="64bit" /></test-suite><test-suite id="python/tests/unit/prompt_template/test_jinja2_prompt_template_e2e.py" name="python/tests/unit/prompt_template/test_jinja2_prompt_template_e2e.py" fullname="python/tests/unit/prompt_template/test_jinja2_prompt_template_e2e.py" methodname="" classname="" runstate="Runnable" type="Assembly" testcasecount="0" result="Passed" label="" start-time="0001-01-01 00:00:00.000000" end-time="0001-01-01 00:00:00.000000" duration="0.0" asserts="0" total="0" passed="0" failed="0" warnings="0" inconclusive="0" skipped="0"><properties><property name="python_version" value="3.12.10 (main, Apr  9 2025, 03:49:38) [Clang 20.1.0 ]" /></properties><environment framework-version="3.6.2" clr-version="3.12.10 (main, Apr  9 2025, 03:49:38) [Clang 20.1.0 ]" os-version="24.6.0" platform="Darwin" cwd="/Users/davidtorres/Repos/GitHub/semantic-kernel" machine-name="arm64" user="" user-domain="" culture="C" uiculture="C" os-architecture="64bit" /></test-suite><test-suite id="python/tests/unit/agents/test_group_chat_strategies/test_sequential_strategy_selection.py" name="python/tests/unit/agents/test_group_chat_strategies/test_sequential_strategy_selection.py" fullname="python/tests/unit/agents/test_group_chat_strategies/test_sequential_strategy_selection.py" methodname="" classname="" runstate="Runnable" type="Assembly" testcasecount="0" result="Passed" label="" start-time="0001-01-01 00:00:00.000000" end-time="0001-01-01 00:00:00.000000" duration="0.0" asserts="0" total="0" passed="0" failed="0" warnings="0" inconclusive="0" skipped="0"><properties><property name="python_version" value="3.12.10 (main, Apr  9 2025, 03:49:38) [Clang 20.1.0 ]" /></properties><environment framework-version="3.6.2" clr-version="3.12.10 (main, Apr  9 2025, 03:49:38) [Clang 20.1.0 ]" os-version="24.6.0" platform="Darwin" cwd="/Users/davidtorres/Repos/GitHub/semantic-kernel" machine-name="arm64" user="" user-domain="" culture="C" uiculture="C" os-architecture="64bit" /></test-suite><test-suite id="python/tests/unit/processes/kernel_process/test_kernel_process_message_channel.py" name="python/tests/unit/processes/kernel_process/test_kernel_process_message_channel.py" fullname="python/tests/unit/processes/kernel_process/test_kernel_process_message_channel.py" methodname="" classname="" runstate="Runnable" type="Assembly" testcasecount="0" result="Passed" label="" start-time="0001-01-01 00:00:00.000000" end-time="0001-01-01 00:00:00.000000" duration="0.0" asserts="0" total="0" passed="0" failed="0" warnings="0" inconclusive="0" skipped="0"><properties><property name="python_version" value="3.12.10 (main, Apr  9 2025, 03:49:38) [Clang 20.1.0 ]" /></properties><environment framework-version="3.6.2" clr-version="3.12.10 (main, Apr  9 2025, 03:49:38) [Clang 20.1.0 ]" os-version="24.6.0" platform="Darwin" cwd="/Users/davidtorres/Repos/GitHub/semantic-kernel" machine-name="arm64" user="" user-domain="" culture="C" uiculture="C" os-architecture="64bit" /></test-suite><test-suite id="python/tests/unit/telemetry/test_user_agent.py" name="python/tests/unit/telemetry/test_user_agent.py" fullname="python/tests/unit/telemetry/test_user_agent.py" methodname="" classname="" runstate="Runnable" type="Assembly" testcasecount="0" result="Passed" label="" start-time="0001-01-01 00:00:00.000000" end-time="0001-01-01 00:00:00.000000" duration="0.0" asserts="0" total="0" passed="0" failed="0" warnings="0" inconclusive="0" skipped="0"><properties><property name="python_version" value="3.12.10 (main, Apr  9 2025, 03:49:38) [Clang 20.1.0 ]" /></properties><environment framework-version="3.6.2" clr-version="3.12.10 (main, Apr  9 2025, 03:49:38) [Clang 20.1.0 ]" os-version="24.6.0" platform="Darwin" cwd="/Users/davidtorres/Repos/GitHub/semantic-kernel" machine-name="arm64" user="" user-domain="" culture="C" uiculture="C" os-architecture="64bit" /></test-suite><test-suite id="python/tests/unit/functions/test_kernel_function_from_prompt.py" name="python/tests/unit/functions/test_kernel_function_from_prompt.py" fullname="python/tests/unit/functions/test_kernel_function_from_prompt.py" methodname="" classname="" runstate="Runnable" type="Assembly" testcasecount="0" result="Passed" label="" start-time="0001-01-01 00:00:00.000000" end-time="0001-01-01 00:00:00.000000" duration="0.0" asserts="0" total="0" passed="0" failed="0" warnings="0" inconclusive="0" skipped="0"><properties><property name="python_version" value="3.12.10 (main, Apr  9 2025, 03:49:38) [Clang 20.1.0 ]" /></properties><environment framework-version="3.6.2" clr-version="3.12.10 (main, Apr  9 2025, 03:49:38) [Clang 20.1.0 ]" os-version="24.6.0" platform="Darwin" cwd="/Users/davidtorres/Repos/GitHub/semantic-kernel" machine-name="arm64" user="" user-domain="" culture="C" uiculture="C" os-architecture="64bit" /></test-suite><test-suite id="python/tests/unit/prompt_template/test_kernel_prompt_template.py" name="python/tests/unit/prompt_template/test_kernel_prompt_template.py" fullname="python/tests/unit/prompt_template/test_kernel_prompt_template.py" methodname="" classname="" runstate="Runnable" type="Assembly" testcasecount="0" result="Passed" label="" start-time="0001-01-01 00:00:00.000000" end-time="0001-01-01 00:00:00.000000" duration="0.0" asserts="0" total="0" passed="0" failed="0" warnings="0" inconclusive="0" skipped="0"><properties><property name="python_version" value="3.12.10 (main, Apr  9 2025, 03:49:38) [Clang 20.1.0 ]" /></properties><environment framework-version="3.6.2" clr-version="3.12.10 (main, Apr  9 2025, 03:49:38) [Clang 20.1.0 ]" os-version="24.6.0" platform="Darwin" cwd="/Users/davidtorres/Repos/GitHub/semantic-kernel" machine-name="arm64" user="" user-domain="" culture="C" uiculture="C" os-architecture="64bit" /></test-suite><test-suite id="python/tests/unit/processes/kernel_process/test_kernel_process_state.py" name="python/tests/unit/processes/kernel_process/test_kernel_process_state.py" fullname="python/tests/unit/processes/kernel_process/test_kernel_process_state.py" methodname="" classname="" runstate="Runnable" type="Assembly" testcasecount="0" result="Passed" label="" start-time="0001-01-01 00:00:00.000000" end-time="0001-01-01 00:00:00.000000" duration="0.0" asserts="0" total="0" passed="0" failed="0" warnings="0" inconclusive="0" skipped="0"><properties><property name="python_version" value="3.12.10 (main, Apr  9 2025, 03:49:38) [Clang 20.1.0 ]" /></properties><environment framework-version="3.6.2" clr-version="3.12.10 (main, Apr  9 2025, 03:49:38) [Clang 20.1.0 ]" os-version="24.6.0" platform="Darwin" cwd="/Users/davidtorres/Repos/GitHub/semantic-kernel" machine-name="arm64" user="" user-domain="" culture="C" uiculture="C" os-architecture="64bit" /></test-suite><test-suite id="python/tests/unit/data/test_vector_store_record_collection.py" name="python/tests/unit/data/test_vector_store_record_collection.py" fullname="python/tests/unit/data/test_vector_store_record_collection.py" methodname="" classname="" runstate="Runnable" type="Assembly" testcasecount="0" result="Passed" label="" start-time="0001-01-01 00:00:00.000000" end-time="0001-01-01 00:00:00.000000" duration="0.0" asserts="0" total="0" passed="0" failed="0" warnings="0" inconclusive="0" skipped="0"><properties><property name="python_version" value="3.12.10 (main, Apr  9 2025, 03:49:38) [Clang 20.1.0 ]" /></properties><environment framework-version="3.6.2" clr-version="3.12.10 (main, Apr  9 2025, 03:49:38) [Clang 20.1.0 ]" os-version="24.6.0" platform="Darwin" cwd="/Users/davidtorres/Repos/GitHub/semantic-kernel" machine-name="arm64" user="" user-domain="" culture="C" uiculture="C" os-architecture="64bit" /></test-suite><test-suite id="python/tests/unit/connectors/ai/onnx/test_onnx_prompt_execution_settings.py" name="python/tests/unit/connectors/ai/onnx/test_onnx_prompt_execution_settings.py" fullname="python/tests/unit/connectors/ai/onnx/test_onnx_prompt_execution_settings.py" methodname="" classname="" runstate="Runnable" type="Assembly" testcasecount="0" result="Passed" label="" start-time="0001-01-01 00:00:00.000000" end-time="0001-01-01 00:00:00.000000" duration="0.0" asserts="0" total="0" passed="0" failed="0" warnings="0" inconclusive="0" skipped="0"><properties><property name="python_version" value="3.12.10 (main, Apr  9 2025, 03:49:38) [Clang 20.1.0 ]" /></properties><environment framework-version="3.6.2" clr-version="3.12.10 (main, Apr  9 2025, 03:49:38) [Clang 20.1.0 ]" os-version="24.6.0" platform="Darwin" cwd="/Users/davidtorres/Repos/GitHub/semantic-kernel" machine-name="arm64" user="" user-domain="" culture="C" uiculture="C" os-architecture="64bit" /></test-suite><test-suite id="python/tests/unit/agents/orchestration/test_group_chat.py" name="python/tests/unit/agents/orchestration/test_group_chat.py" fullname="python/tests/unit/agents/orchestration/test_group_chat.py" methodname="" classname="" runstate="Runnable" type="Assembly" testcasecount="0" result="Passed" label="" start-time="0001-01-01 00:00:00.000000" end-time="0001-01-01 00:00:00.000000" duration="0.0" asserts="0" total="0" passed="0" failed="0" warnings="0" inconclusive="0" skipped="0"><properties><property name="python_version" value="3.12.10 (main, Apr  9 2025, 03:49:38) [Clang 20.1.0 ]" /></properties><environment framework-version="3.6.2" clr-version="3.12.10 (main, Apr  9 2025, 03:49:38) [Clang 20.1.0 ]" os-version="24.6.0" platform="Darwin" cwd="/Users/davidtorres/Repos/GitHub/semantic-kernel" machine-name="arm64" user="" user-domain="" culture="C" uiculture="C" os-architecture="64bit" /></test-suite><test-suite id="python/tests/unit/connectors/ai/open_ai/services/test_openai_text_completion.py" name="python/tests/unit/connectors/ai/open_ai/services/test_openai_text_completion.py" fullname="python/tests/unit/connectors/ai/open_ai/services/test_openai_text_completion.py" methodname="" classname="" runstate="Runnable" type="Assembly" testcasecount="0" result="Passed" label="" start-time="0001-01-01 00:00:00.000000" end-time="0001-01-01 00:00:00.000000" duration="0.0" asserts="0" total="0" passed="0" failed="0" warnings="0" inconclusive="0" skipped="0"><properties><property name="python_version" value="3.12.10 (main, Apr  9 2025, 03:49:38) [Clang 20.1.0 ]" /></properties><environment framework-version="3.6.2" clr-version="3.12.10 (main, Apr  9 2025, 03:49:38) [Clang 20.1.0 ]" os-version="24.6.0" platform="Darwin" cwd="/Users/davidtorres/Repos/GitHub/semantic-kernel" machine-name="arm64" user="" user-domain="" culture="C" uiculture="C" os-architecture="64bit" /></test-suite><test-suite id="python/tests/unit/services/test_ai_service_selector.py" name="python/tests/unit/services/test_ai_service_selector.py" fullname="python/tests/unit/services/test_ai_service_selector.py" methodname="" classname="" runstate="Runnable" type="Assembly" testcasecount="0" result="Passed" label="" start-time="0001-01-01 00:00:00.000000" end-time="0001-01-01 00:00:00.000000" duration="0.0" asserts="0" total="0" passed="0" failed="0" warnings="0" inconclusive="0" skipped="0"><properties><property name="python_version" value="3.12.10 (main, Apr  9 2025, 03:49:38) [Clang 20.1.0 ]" /></properties><environment framework-version="3.6.2" clr-version="3.12.10 (main, Apr  9 2025, 03:49:38) [Clang 20.1.0 ]" os-version="24.6.0" platform="Darwin" cwd="/Users/davidtorres/Repos/GitHub/semantic-kernel" machine-name="arm64" user="" user-domain="" culture="C" uiculture="C" os-architecture="64bit" /></test-suite><test-suite id="python/tests/unit/services/test_service_utils.py" name="python/tests/unit/services/test_service_utils.py" fullname="python/tests/unit/services/test_service_utils.py" methodname="" classname="" runstate="Runnable" type="Assembly" testcasecount="0" result="Passed" label="" start-time="0001-01-01 00:00:00.000000" end-time="0001-01-01 00:00:00.000000" duration="0.0" asserts="0" total="0" passed="0" failed="0" warnings="0" inconclusive="0" skipped="0"><properties><property name="python_version" value="3.12.10 (main, Apr  9 2025, 03:49:38) [Clang 20.1.0 ]" /></properties><environment framework-version="3.6.2" clr-version="3.12.10 (main, Apr  9 2025, 03:49:38) [Clang 20.1.0 ]" os-version="24.6.0" platform="Darwin" cwd="/Users/davidtorres/Repos/GitHub/semantic-kernel" machine-name="arm64" user="" user-domain="" culture="C" uiculture="C" os-architecture="64bit" /></test-suite><test-suite id="python/tests/unit/utils/test_feature_stage_decorator.py" name="python/tests/unit/utils/test_feature_stage_decorator.py" fullname="python/tests/unit/utils/test_feature_stage_decorator.py" methodname="" classname="" runstate="Runnable" type="Assembly" testcasecount="0" result="Passed" label="" start-time="0001-01-01 00:00:00.000000" end-time="0001-01-01 00:00:00.000000" duration="0.0" asserts="0" total="0" passed="0" failed="0" warnings="0" inconclusive="0" skipped="0"><properties><property name="python_version" value="3.12.10 (main, Apr  9 2025, 03:49:38) [Clang 20.1.0 ]" /></properties><environment framework-version="3.6.2" clr-version="3.12.10 (main, Apr  9 2025, 03:49:38) [Clang 20.1.0 ]" os-version="24.6.0" platform="Darwin" cwd="/Users/davidtorres/Repos/GitHub/semantic-kernel" machine-name="arm64" user="" user-domain="" culture="C" uiculture="C" os-architecture="64bit" /></test-suite><test-suite id="python/tests/unit/agents/bedrock_agent/test_bedrock_action_group_model.py" name="python/tests/unit/agents/bedrock_agent/test_bedrock_action_group_model.py" fullname="python/tests/unit/agents/bedrock_agent/test_bedrock_action_group_model.py" methodname="" classname="" runstate="Runnable" type="Assembly" testcasecount="0" result="Passed" label="" start-time="0001-01-01 00:00:00.000000" end-time="0001-01-01 00:00:00.000000" duration="0.0" asserts="0" total="0" passed="0" failed="0" warnings="0" inconclusive="0" skipped="0"><properties><property name="python_version" value="3.12.10 (main, Apr  9 2025, 03:49:38) [Clang 20.1.0 ]" /></properties><environment framework-version="3.6.2" clr-version="3.12.10 (main, Apr  9 2025, 03:49:38) [Clang 20.1.0 ]" os-version="24.6.0" platform="Darwin" cwd="/Users/davidtorres/Repos/GitHub/semantic-kernel" machine-name="arm64" user="" user-domain="" culture="C" uiculture="C" os-architecture="64bit" /></test-suite><test-suite id="python/tests/unit/connectors/memory/test_sql_server.py::TestSqlServerCollection" name="python/tests/unit/connectors/memory/test_sql_server.py::TestSqlServerCollection" fullname="python/tests/unit/connectors/memory/test_sql_server.py::TestSqlServerCollection" methodname="" classname="" runstate="Runnable" type="Assembly" testcasecount="0" result="Passed" label="" start-time="0001-01-01 00:00:00.000000" end-time="0001-01-01 00:00:00.000000" duration="0.0" asserts="0" total="0" passed="0" failed="0" warnings="0" inconclusive="0" skipped="0"><properties><property name="python_version" value="3.12.10 (main, Apr  9 2025, 03:49:38) [Clang 20.1.0 ]" /></properties><environment framework-version="3.6.2" clr-version="3.12.10 (main, Apr  9 2025, 03:49:38) [Clang 20.1.0 ]" os-version="24.6.0" platform="Darwin" cwd="/Users/davidtorres/Repos/GitHub/semantic-kernel" machine-name="arm64" user="" user-domain="" culture="C" uiculture="C" os-architecture="64bit" /></test-suite><test-suite id="python/tests/unit/processes/local_runtime/test_local_event.py" name="python/tests/unit/processes/local_runtime/test_local_event.py" fullname="python/tests/unit/processes/local_runtime/test_local_event.py" methodname="" classname="" runstate="Runnable" type="Assembly" testcasecount="0" result="Passed" label="" start-time="0001-01-01 00:00:00.000000" end-time="0001-01-01 00:00:00.000000" duration="0.0" asserts="0" total="0" passed="0" failed="0" warnings="0" inconclusive="0" skipped="0"><properties><property name="python_version" value="3.12.10 (main, Apr  9 2025, 03:49:38) [Clang 20.1.0 ]" /></properties><environment framework-version="3.6.2" clr-version="3.12.10 (main, Apr  9 2025, 03:49:38) [Clang 20.1.0 ]" os-version="24.6.0" platform="Darwin" cwd="/Users/davidtorres/Repos/GitHub/semantic-kernel" machine-name="arm64" user="" user-domain="" culture="C" uiculture="C" os-architecture="64bit" /></test-suite><test-suite id="python/tests/unit/agents/test_group_chat_strategies/test_termination_strategy.py" name="python/tests/unit/agents/test_group_chat_strategies/test_termination_strategy.py" fullname="python/tests/unit/agents/test_group_chat_strategies/test_termination_strategy.py" methodname="" classname="" runstate="Runnable" type="Assembly" testcasecount="0" result="Passed" label="" start-time="0001-01-01 00:00:00.000000" end-time="0001-01-01 00:00:00.000000" duration="0.0" asserts="0" total="0" passed="0" failed="0" warnings="0" inconclusive="0" skipped="0"><properties><property name="python_version" value="3.12.10 (main, Apr  9 2025, 03:49:38) [Clang 20.1.0 ]" /></properties><environment framework-version="3.6.2" clr-version="3.12.10 (main, Apr  9 2025, 03:49:38) [Clang 20.1.0 ]" os-version="24.6.0" platform="Darwin" cwd="/Users/davidtorres/Repos/GitHub/semantic-kernel" machine-name="arm64" user="" user-domain="" culture="C" uiculture="C" os-architecture="64bit" /></test-suite><test-suite id="python/tests/unit/utils/model_diagnostics/test_trace_chat_completion.py" name="python/tests/unit/utils/model_diagnostics/test_trace_chat_completion.py" fullname="python/tests/unit/utils/model_diagnostics/test_trace_chat_completion.py" methodname="" classname="" runstate="Runnable" type="Assembly" testcasecount="0" result="Passed" label="" start-time="0001-01-01 00:00:00.000000" end-time="0001-01-01 00:00:00.000000" duration="0.0" asserts="0" total="0" passed="0" failed="0" warnings="0" inconclusive="0" skipped="0"><properties><property name="python_version" value="3.12.10 (main, Apr  9 2025, 03:49:38) [Clang 20.1.0 ]" /></properties><environment framework-version="3.6.2" clr-version="3.12.10 (main, Apr  9 2025, 03:49:38) [Clang 20.1.0 ]" os-version="24.6.0" platform="Darwin" cwd="/Users/davidtorres/Repos/GitHub/semantic-kernel" machine-name="arm64" user="" user-domain="" culture="C" uiculture="C" os-architecture="64bit" /></test-suite><test-suite id="python/tests/unit/services/test_ai_service_client_base.py" name="python/tests/unit/services/test_ai_service_client_base.py" fullname="python/tests/unit/services/test_ai_service_client_base.py" methodname="" classname="" runstate="Runnable" type="Assembly" testcasecount="0" result="Passed" label="" start-time="0001-01-01 00:00:00.000000" end-time="0001-01-01 00:00:00.000000" duration="0.0" asserts="0" total="0" passed="0" failed="0" warnings="0" inconclusive="0" skipped="0"><properties><property name="python_version" value="3.12.10 (main, Apr  9 2025, 03:49:38) [Clang 20.1.0 ]" /></properties><environment framework-version="3.6.2" clr-version="3.12.10 (main, Apr  9 2025, 03:49:38) [Clang 20.1.0 ]" os-version="24.6.0" platform="Darwin" cwd="/Users/davidtorres/Repos/GitHub/semantic-kernel" machine-name="arm64" user="" user-domain="" culture="C" uiculture="C" os-architecture="64bit" /></test-suite><test-suite id="python/tests/integration/text_to_audio/test_text_to_audio.py::TestTextToAudio" name="python/tests/integration/text_to_audio/test_text_to_audio.py::TestTextToAudio" fullname="python/tests/integration/text_to_audio/test_text_to_audio.py::TestTextToAudio" methodname="" classname="" runstate="Runnable" type="Assembly" testcasecount="0" result="Passed" label="Test text-to-audio services." start-time="0001-01-01 00:00:00.000000" end-time="0001-01-01 00:00:00.000000" duration="0.0" asserts="0" total="0" passed="0" failed="0" warnings="0" inconclusive="0" skipped="0"><properties><property name="python_version" value="3.12.10 (main, Apr  9 2025, 03:49:38) [Clang 20.1.0 ]" /></properties><environment framework-version="3.6.2" clr-version="3.12.10 (main, Apr  9 2025, 03:49:38) [Clang 20.1.0 ]" os-version="24.6.0" platform="Darwin" cwd="/Users/davidtorres/Repos/GitHub/semantic-kernel" machine-name="arm64" user="" user-domain="" culture="C" uiculture="C" os-architecture="64bit" /></test-suite><test-suite id="python/tests/unit/utils/test_logging.py" name="python/tests/unit/utils/test_logging.py" fullname="python/tests/unit/utils/test_logging.py" methodname="" classname="" runstate="Runnable" type="Assembly" testcasecount="0" result="Passed" label="" start-time="0001-01-01 00:00:00.000000" end-time="0001-01-01 00:00:00.000000" duration="0.0" asserts="0" total="0" passed="0" failed="0" warnings="0" inconclusive="0" skipped="0"><properties><property name="python_version" value="3.12.10 (main, Apr  9 2025, 03:49:38) [Clang 20.1.0 ]" /></properties><environment framework-version="3.6.2" clr-version="3.12.10 (main, Apr  9 2025, 03:49:38) [Clang 20.1.0 ]" os-version="24.6.0" platform="Darwin" cwd="/Users/davidtorres/Repos/GitHub/semantic-kernel" machine-name="arm64" user="" user-domain="" culture="C" uiculture="C" os-architecture="64bit" /></test-suite><test-suite id="python/tests/unit/agents/bedrock_agent/test_bedrock_agent_model.py" name="python/tests/unit/agents/bedrock_agent/test_bedrock_agent_model.py" fullname="python/tests/unit/agents/bedrock_agent/test_bedrock_agent_model.py" methodname="" classname="" runstate="Runnable" type="Assembly" testcasecount="0" result="Passed" label="" start-time="0001-01-01 00:00:00.000000" end-time="0001-01-01 00:00:00.000000" duration="0.0" asserts="0" total="0" passed="0" failed="0" warnings="0" inconclusive="0" skipped="0"><properties><property name="python_version" value="3.12.10 (main, Apr  9 2025, 03:49:38) [Clang 20.1.0 ]" /></properties><environment framework-version="3.6.2" clr-version="3.12.10 (main, Apr  9 2025, 03:49:38) [Clang 20.1.0 ]" os-version="24.6.0" platform="Darwin" cwd="/Users/davidtorres/Repos/GitHub/semantic-kernel" machine-name="arm64" user="" user-domain="" culture="C" uiculture="C" os-architecture="64bit" /></test-suite><test-suite id="python/tests/unit/agents/test_group_chat_strategies/test_kernel_function_termination_strategy.py" name="python/tests/unit/agents/test_group_chat_strategies/test_kernel_function_termination_strategy.py" fullname="python/tests/unit/agents/test_group_chat_strategies/test_kernel_function_termination_strategy.py" methodname="" classname="" runstate="Runnable" type="Assembly" testcasecount="0" result="Passed" label="" start-time="0001-01-01 00:00:00.000000" end-time="0001-01-01 00:00:00.000000" duration="0.0" asserts="0" total="0" passed="0" failed="0" warnings="0" inconclusive="0" skipped="0"><properties><property name="python_version" value="3.12.10 (main, Apr  9 2025, 03:49:38) [Clang 20.1.0 ]" /></properties><environment framework-version="3.6.2" clr-version="3.12.10 (main, Apr  9 2025, 03:49:38) [Clang 20.1.0 ]" os-version="24.6.0" platform="Darwin" cwd="/Users/davidtorres/Repos/GitHub/semantic-kernel" machine-name="arm64" user="" user-domain="" culture="C" uiculture="C" os-architecture="64bit" /></test-suite><test-suite id="python/tests/unit/contents/test_hashing_utils.py" name="python/tests/unit/contents/test_hashing_utils.py" fullname="python/tests/unit/contents/test_hashing_utils.py" methodname="" classname="" runstate="Runnable" type="Assembly" testcasecount="0" result="Passed" label="" start-time="0001-01-01 00:00:00.000000" end-time="0001-01-01 00:00:00.000000" duration="0.0" asserts="0" total="0" passed="0" failed="0" warnings="0" inconclusive="0" skipped="0"><properties><property name="python_version" value="3.12.10 (main, Apr  9 2025, 03:49:38) [Clang 20.1.0 ]" /></properties><environment framework-version="3.6.2" clr-version="3.12.10 (main, Apr  9 2025, 03:49:38) [Clang 20.1.0 ]" os-version="24.6.0" platform="Darwin" cwd="/Users/davidtorres/Repos/GitHub/semantic-kernel" machine-name="arm64" user="" user-domain="" culture="C" uiculture="C" os-architecture="64bit" /></test-suite><test-suite id="python/tests/unit/connectors/ai/hugging_face/test_hf_text_embedding.py" name="python/tests/unit/connectors/ai/hugging_face/test_hf_text_embedding.py" fullname="python/tests/unit/connectors/ai/hugging_face/test_hf_text_embedding.py" methodname="" classname="" runstate="Runnable" type="Assembly" testcasecount="0" result="Passed" label="" start-time="0001-01-01 00:00:00.000000" end-time="0001-01-01 00:00:00.000000" duration="0.0" asserts="0" total="0" passed="0" failed="0" warnings="0" inconclusive="0" skipped="0"><properties><property name="python_version" value="3.12.10 (main, Apr  9 2025, 03:49:38) [Clang 20.1.0 ]" /></properties><environment framework-version="3.6.2" clr-version="3.12.10 (main, Apr  9 2025, 03:49:38) [Clang 20.1.0 ]" os-version="24.6.0" platform="Darwin" cwd="/Users/davidtorres/Repos/GitHub/semantic-kernel" machine-name="arm64" user="" user-domain="" culture="C" uiculture="C" os-architecture="64bit" /></test-suite><test-suite id="python/tests/unit/contents/test_image_content.py" name="python/tests/unit/contents/test_image_content.py" fullname="python/tests/unit/contents/test_image_content.py" methodname="" classname="" runstate="Runnable" type="Assembly" testcasecount="0" result="Passed" label="" start-time="0001-01-01 00:00:00.000000" end-time="0001-01-01 00:00:00.000000" duration="0.0" asserts="0" total="0" passed="0" failed="0" warnings="0" inconclusive="0" skipped="0"><properties><property name="python_version" value="3.12.10 (main, Apr  9 2025, 03:49:38) [Clang 20.1.0 ]" /></properties><environment framework-version="3.6.2" clr-version="3.12.10 (main, Apr  9 2025, 03:49:38) [Clang 20.1.0 ]" os-version="24.6.0" platform="Darwin" cwd="/Users/davidtorres/Repos/GitHub/semantic-kernel" machine-name="arm64" user="" user-domain="" culture="C" uiculture="C" os-architecture="64bit" /></test-suite><test-suite id="python/tests/unit/text/test_text_chunker.py" name="python/tests/unit/text/test_text_chunker.py" fullname="python/tests/unit/text/test_text_chunker.py" methodname="" classname="" runstate="Runnable" type="Assembly" testcasecount="0" result="Passed" label="" start-time="0001-01-01 00:00:00.000000" end-time="0001-01-01 00:00:00.000000" duration="0.0" asserts="0" total="0" passed="0" failed="0" warnings="0" inconclusive="0" skipped="0"><properties><property name="python_version" value="3.12.10 (main, Apr  9 2025, 03:49:38) [Clang 20.1.0 ]" /></properties><environment framework-version="3.6.2" clr-version="3.12.10 (main, Apr  9 2025, 03:49:38) [Clang 20.1.0 ]" os-version="24.6.0" platform="Darwin" cwd="/Users/davidtorres/Repos/GitHub/semantic-kernel" machine-name="arm64" user="" user-domain="" culture="C" uiculture="C" os-architecture="64bit" /></test-suite><test-suite id="python/tests/unit/connectors/openapi_plugin/test_openapi_runner.py" name="python/tests/unit/connectors/openapi_plugin/test_openapi_runner.py" fullname="python/tests/unit/connectors/openapi_plugin/test_openapi_runner.py" methodname="" classname="" runstate="Runnable" type="Assembly" testcasecount="0" result="Passed" label="" start-time="0001-01-01 00:00:00.000000" end-time="0001-01-01 00:00:00.000000" duration="0.0" asserts="0" total="0" passed="0" failed="0" warnings="0" inconclusive="0" skipped="0"><properties><property name="python_version" value="3.12.10 (main, Apr  9 2025, 03:49:38) [Clang 20.1.0 ]" /></properties><environment framework-version="3.6.2" clr-version="3.12.10 (main, Apr  9 2025, 03:49:38) [Clang 20.1.0 ]" os-version="24.6.0" platform="Darwin" cwd="/Users/davidtorres/Repos/GitHub/semantic-kernel" machine-name="arm64" user="" user-domain="" culture="C" uiculture="C" os-architecture="64bit" /></test-suite><test-suite id="python/tests/unit/core_plugins/test_wait_plugin.py" name="python/tests/unit/core_plugins/test_wait_plugin.py" fullname="python/tests/unit/core_plugins/test_wait_plugin.py" methodname="" classname="" runstate="Runnable" type="Assembly" testcasecount="0" result="Passed" label="" start-time="0001-01-01 00:00:00.000000" end-time="0001-01-01 00:00:00.000000" duration="0.0" asserts="0" total="0" passed="0" failed="0" warnings="0" inconclusive="0" skipped="0"><properties><property name="python_version" value="3.12.10 (main, Apr  9 2025, 03:49:38) [Clang 20.1.0 ]" /></properties><environment framework-version="3.6.2" clr-version="3.12.10 (main, Apr  9 2025, 03:49:38) [Clang 20.1.0 ]" os-version="24.6.0" platform="Darwin" cwd="/Users/davidtorres/Repos/GitHub/semantic-kernel" machine-name="arm64" user="" user-domain="" culture="C" uiculture="C" os-architecture="64bit" /></test-suite><test-suite id="python/tests/unit/template_engine/blocks/test_code_block.py::TestCodeBlockRendering" name="python/tests/unit/template_engine/blocks/test_code_block.py::TestCodeBlockRendering" fullname="python/tests/unit/template_engine/blocks/test_code_block.py::TestCodeBlockRendering" methodname="" classname="" runstate="Runnable" type="Assembly" testcasecount="0" result="Passed" label="" start-time="0001-01-01 00:00:00.000000" end-time="0001-01-01 00:00:00.000000" duration="0.0" asserts="0" total="0" passed="0" failed="0" warnings="0" inconclusive="0" skipped="0"><properties><property name="python_version" value="3.12.10 (main, Apr  9 2025, 03:49:38) [Clang 20.1.0 ]" /></properties><environment framework-version="3.6.2" clr-version="3.12.10 (main, Apr  9 2025, 03:49:38) [Clang 20.1.0 ]" os-version="24.6.0" platform="Darwin" cwd="/Users/davidtorres/Repos/GitHub/semantic-kernel" machine-name="arm64" user="" user-domain="" culture="C" uiculture="C" os-architecture="64bit" /></test-suite><test-suite id="python/tests/unit/connectors/ai/ollama/services/test_utils.py" name="python/tests/unit/connectors/ai/ollama/services/test_utils.py" fullname="python/tests/unit/connectors/ai/ollama/services/test_utils.py" methodname="" classname="" runstate="Runnable" type="Assembly" testcasecount="0" result="Passed" label="" start-time="0001-01-01 00:00:00.000000" end-time="0001-01-01 00:00:00.000000" duration="0.0" asserts="0" total="0" passed="0" failed="0" warnings="0" inconclusive="0" skipped="0"><properties><property name="python_version" value="3.12.10 (main, Apr  9 2025, 03:49:38) [Clang 20.1.0 ]" /></properties><environment framework-version="3.6.2" clr-version="3.12.10 (main, Apr  9 2025, 03:49:38) [Clang 20.1.0 ]" os-version="24.6.0" platform="Darwin" cwd="/Users/davidtorres/Repos/GitHub/semantic-kernel" machine-name="arm64" user="" user-domain="" culture="C" uiculture="C" os-architecture="64bit" /></test-suite><test-suite id="python/tests/unit/contents/test_binary_content.py" name="python/tests/unit/contents/test_binary_content.py" fullname="python/tests/unit/contents/test_binary_content.py" methodname="" classname="" runstate="Runnable" type="Assembly" testcasecount="0" result="Passed" label="" start-time="0001-01-01 00:00:00.000000" end-time="0001-01-01 00:00:00.000000" duration="0.0" asserts="0" total="0" passed="0" failed="0" warnings="0" inconclusive="0" skipped="0"><properties><property name="python_version" value="3.12.10 (main, Apr  9 2025, 03:49:38) [Clang 20.1.0 ]" /></properties><environment framework-version="3.6.2" clr-version="3.12.10 (main, Apr  9 2025, 03:49:38) [Clang 20.1.0 ]" os-version="24.6.0" platform="Darwin" cwd="/Users/davidtorres/Repos/GitHub/semantic-kernel" machine-name="arm64" user="" user-domain="" culture="C" uiculture="C" os-architecture="64bit" /></test-suite><test-suite id="python/tests/unit/contents/test_data_uri.py" name="python/tests/unit/contents/test_data_uri.py" fullname="python/tests/unit/contents/test_data_uri.py" methodname="" classname="" runstate="Runnable" type="Assembly" testcasecount="0" result="Passed" label="" start-time="0001-01-01 00:00:00.000000" end-time="0001-01-01 00:00:00.000000" duration="0.0" asserts="0" total="0" passed="0" failed="0" warnings="0" inconclusive="0" skipped="0"><properties><property name="python_version" value="3.12.10 (main, Apr  9 2025, 03:49:38) [Clang 20.1.0 ]" /></properties><environment framework-version="3.6.2" clr-version="3.12.10 (main, Apr  9 2025, 03:49:38) [Clang 20.1.0 ]" os-version="24.6.0" platform="Darwin" cwd="/Users/davidtorres/Repos/GitHub/semantic-kernel" machine-name="arm64" user="" user-domain="" culture="C" uiculture="C" os-architecture="64bit" /></test-suite><test-suite id="python/tests/unit/agents/azure_ai_agent/test_agent_thread_actions.py" name="python/tests/unit/agents/azure_ai_agent/test_agent_thread_actions.py" fullname="python/tests/unit/agents/azure_ai_agent/test_agent_thread_actions.py" methodname="" classname="" runstate="Runnable" type="Assembly" testcasecount="0" result="Passed" label="" start-time="0001-01-01 00:00:00.000000" end-time="0001-01-01 00:00:00.000000" duration="0.0" asserts="0" total="0" passed="0" failed="0" warnings="0" inconclusive="0" skipped="0"><properties><property name="python_version" value="3.12.10 (main, Apr  9 2025, 03:49:38) [Clang 20.1.0 ]" /></properties><environment framework-version="3.6.2" clr-version="3.12.10 (main, Apr  9 2025, 03:49:38) [Clang 20.1.0 ]" os-version="24.6.0" platform="Darwin" cwd="/Users/davidtorres/Repos/GitHub/semantic-kernel" machine-name="arm64" user="" user-domain="" culture="C" uiculture="C" os-architecture="64bit" /></test-suite><test-suite id="python/tests/unit/processes/test_process_step_builder.py" name="python/tests/unit/processes/test_process_step_builder.py" fullname="python/tests/unit/processes/test_process_step_builder.py" methodname="" classname="" runstate="Runnable" type="Assembly" testcasecount="0" result="Passed" label="" start-time="0001-01-01 00:00:00.000000" end-time="0001-01-01 00:00:00.000000" duration="0.0" asserts="0" total="0" passed="0" failed="0" warnings="0" inconclusive="0" skipped="0"><properties><property name="python_version" value="3.12.10 (main, Apr  9 2025, 03:49:38) [Clang 20.1.0 ]" /></properties><environment framework-version="3.6.2" clr-version="3.12.10 (main, Apr  9 2025, 03:49:38) [Clang 20.1.0 ]" os-version="24.6.0" platform="Darwin" cwd="/Users/davidtorres/Repos/GitHub/semantic-kernel" machine-name="arm64" user="" user-domain="" culture="C" uiculture="C" os-architecture="64bit" /></test-suite><test-suite id="python/tests/unit/processes/test_process_types.py" name="python/tests/unit/processes/test_process_types.py" fullname="python/tests/unit/processes/test_process_types.py" methodname="" classname="" runstate="Runnable" type="Assembly" testcasecount="0" result="Passed" label="" start-time="0001-01-01 00:00:00.000000" end-time="0001-01-01 00:00:00.000000" duration="0.0" asserts="0" total="0" passed="0" failed="0" warnings="0" inconclusive="0" skipped="0"><properties><property name="python_version" value="3.12.10 (main, Apr  9 2025, 03:49:38) [Clang 20.1.0 ]" /></properties><environment framework-version="3.6.2" clr-version="3.12.10 (main, Apr  9 2025, 03:49:38) [Clang 20.1.0 ]" os-version="24.6.0" platform="Darwin" cwd="/Users/davidtorres/Repos/GitHub/semantic-kernel" machine-name="arm64" user="" user-domain="" culture="C" uiculture="C" os-architecture="64bit" /></test-suite><test-suite id="python/tests/unit/contents/test_annotation_content.py" name="python/tests/unit/contents/test_annotation_content.py" fullname="python/tests/unit/contents/test_annotation_content.py" methodname="" classname="" runstate="Runnable" type="Assembly" testcasecount="0" result="Passed" label="" start-time="0001-01-01 00:00:00.000000" end-time="0001-01-01 00:00:00.000000" duration="0.0" asserts="0" total="0" passed="0" failed="0" warnings="0" inconclusive="0" skipped="0"><properties><property name="python_version" value="3.12.10 (main, Apr  9 2025, 03:49:38) [Clang 20.1.0 ]" /></properties><environment framework-version="3.6.2" clr-version="3.12.10 (main, Apr  9 2025, 03:49:38) [Clang 20.1.0 ]" os-version="24.6.0" platform="Darwin" cwd="/Users/davidtorres/Repos/GitHub/semantic-kernel" machine-name="arm64" user="" user-domain="" culture="C" uiculture="C" os-architecture="64bit" /></test-suite><test-suite id="python/tests/unit/processes/test_process_step_edge_builder.py" name="python/tests/unit/processes/test_process_step_edge_builder.py" fullname="python/tests/unit/processes/test_process_step_edge_builder.py" methodname="" classname="" runstate="Runnable" type="Assembly" testcasecount="0" result="Passed" label="" start-time="0001-01-01 00:00:00.000000" end-time="0001-01-01 00:00:00.000000" duration="0.0" asserts="0" total="0" passed="0" failed="0" warnings="0" inconclusive="0" skipped="0"><properties><property name="python_version" value="3.12.10 (main, Apr  9 2025, 03:49:38) [Clang 20.1.0 ]" /></properties><environment framework-version="3.6.2" clr-version="3.12.10 (main, Apr  9 2025, 03:49:38) [Clang 20.1.0 ]" os-version="24.6.0" platform="Darwin" cwd="/Users/davidtorres/Repos/GitHub/semantic-kernel" machine-name="arm64" user="" user-domain="" culture="C" uiculture="C" os-architecture="64bit" /></test-suite><test-suite id="python/tests/unit/template_engine/blocks/test_block.py" name="python/tests/unit/template_engine/blocks/test_block.py" fullname="python/tests/unit/template_engine/blocks/test_block.py" methodname="" classname="" runstate="Runnable" type="Assembly" testcasecount="0" result="Passed" label="" start-time="0001-01-01 00:00:00.000000" end-time="0001-01-01 00:00:00.000000" duration="0.0" asserts="0" total="0" passed="0" failed="0" warnings="0" inconclusive="0" skipped="0"><properties><property name="python_version" value="3.12.10 (main, Apr  9 2025, 03:49:38) [Clang 20.1.0 ]" /></properties><environment framework-version="3.6.2" clr-version="3.12.10 (main, Apr  9 2025, 03:49:38) [Clang 20.1.0 ]" os-version="24.6.0" platform="Darwin" cwd="/Users/davidtorres/Repos/GitHub/semantic-kernel" machine-name="arm64" user="" user-domain="" culture="C" uiculture="C" os-architecture="64bit" /></test-suite><test-suite id="python/tests/unit/connectors/ai/onnx/services/test_onnx_utils.py" name="python/tests/unit/connectors/ai/onnx/services/test_onnx_utils.py" fullname="python/tests/unit/connectors/ai/onnx/services/test_onnx_utils.py" methodname="" classname="" runstate="Runnable" type="Assembly" testcasecount="0" result="Passed" label="" start-time="0001-01-01 00:00:00.000000" end-time="0001-01-01 00:00:00.000000" duration="0.0" asserts="0" total="0" passed="0" failed="0" warnings="0" inconclusive="0" skipped="0"><properties><property name="python_version" value="3.12.10 (main, Apr  9 2025, 03:49:38) [Clang 20.1.0 ]" /></properties><environment framework-version="3.6.2" clr-version="3.12.10 (main, Apr  9 2025, 03:49:38) [Clang 20.1.0 ]" os-version="24.6.0" platform="Darwin" cwd="/Users/davidtorres/Repos/GitHub/semantic-kernel" machine-name="arm64" user="" user-domain="" culture="C" uiculture="C" os-architecture="64bit" /></test-suite><test-suite id="python/tests/unit/prompt_template/test_jinja2_prompt_template.py" name="python/tests/unit/prompt_template/test_jinja2_prompt_template.py" fullname="python/tests/unit/prompt_template/test_jinja2_prompt_template.py" methodname="" classname="" runstate="Runnable" type="Assembly" testcasecount="0" result="Passed" label="" start-time="0001-01-01 00:00:00.000000" end-time="0001-01-01 00:00:00.000000" duration="0.0" asserts="0" total="0" passed="0" failed="0" warnings="0" inconclusive="0" skipped="0"><properties><property name="python_version" value="3.12.10 (main, Apr  9 2025, 03:49:38) [Clang 20.1.0 ]" /></properties><environment framework-version="3.6.2" clr-version="3.12.10 (main, Apr  9 2025, 03:49:38) [Clang 20.1.0 ]" os-version="24.6.0" platform="Darwin" cwd="/Users/davidtorres/Repos/GitHub/semantic-kernel" machine-name="arm64" user="" user-domain="" culture="C" uiculture="C" os-architecture="64bit" /></test-suite><test-suite id="python/tests/unit/utils/model_diagnostics/test_trace_streaming_chat_completion.py" name="python/tests/unit/utils/model_diagnostics/test_trace_streaming_chat_completion.py" fullname="python/tests/unit/utils/model_diagnostics/test_trace_streaming_chat_completion.py" methodname="" classname="" runstate="Runnable" type="Assembly" testcasecount="0" result="Passed" label="" start-time="0001-01-01 00:00:00.000000" end-time="0001-01-01 00:00:00.000000" duration="0.0" asserts="0" total="0" passed="0" failed="0" warnings="0" inconclusive="0" skipped="0"><properties><property name="python_version" value="3.12.10 (main, Apr  9 2025, 03:49:38) [Clang 20.1.0 ]" /></properties><environment framework-version="3.6.2" clr-version="3.12.10 (main, Apr  9 2025, 03:49:38) [Clang 20.1.0 ]" os-version="24.6.0" platform="Darwin" cwd="/Users/davidtorres/Repos/GitHub/semantic-kernel" machine-name="arm64" user="" user-domain="" culture="C" uiculture="C" os-architecture="64bit" /></test-suite><test-suite id="python/tests/unit/data/test_text_search.py" name="python/tests/unit/data/test_text_search.py" fullname="python/tests/unit/data/test_text_search.py" methodname="" classname="" runstate="Runnable" type="Assembly" testcasecount="0" result="Passed" label="" start-time="0001-01-01 00:00:00.000000" end-time="0001-01-01 00:00:00.000000" duration="0.0" asserts="0" total="0" passed="0" failed="0" warnings="0" inconclusive="0" skipped="0"><properties><property name="python_version" value="3.12.10 (main, Apr  9 2025, 03:49:38) [Clang 20.1.0 ]" /></properties><environment framework-version="3.6.2" clr-version="3.12.10 (main, Apr  9 2025, 03:49:38) [Clang 20.1.0 ]" os-version="24.6.0" platform="Darwin" cwd="/Users/davidtorres/Repos/GitHub/semantic-kernel" machine-name="arm64" user="" user-domain="" culture="C" uiculture="C" os-architecture="64bit" /></test-suite><test-suite id="python/tests/unit/connectors/ai/open_ai/services/test_openai_text_to_image.py" name="python/tests/unit/connectors/ai/open_ai/services/test_openai_text_to_image.py" fullname="python/tests/unit/connectors/ai/open_ai/services/test_openai_text_to_image.py" methodname="" classname="" runstate="Runnable" type="Assembly" testcasecount="0" result="Passed" label="" start-time="0001-01-01 00:00:00.000000" end-time="0001-01-01 00:00:00.000000" duration="0.0" asserts="0" total="0" passed="0" failed="0" warnings="0" inconclusive="0" skipped="0"><properties><property name="python_version" value="3.12.10 (main, Apr  9 2025, 03:49:38) [Clang 20.1.0 ]" /></properties><environment framework-version="3.6.2" clr-version="3.12.10 (main, Apr  9 2025, 03:49:38) [Clang 20.1.0 ]" os-version="24.6.0" platform="Darwin" cwd="/Users/davidtorres/Repos/GitHub/semantic-kernel" machine-name="arm64" user="" user-domain="" culture="C" uiculture="C" os-architecture="64bit" /></test-suite><test-suite id="python/tests/unit/agents/orchestration/test_concurrent.py" name="python/tests/unit/agents/orchestration/test_concurrent.py" fullname="python/tests/unit/agents/orchestration/test_concurrent.py" methodname="" classname="" runstate="Runnable" type="Assembly" testcasecount="0" result="Passed" label="" start-time="0001-01-01 00:00:00.000000" end-time="0001-01-01 00:00:00.000000" duration="0.0" asserts="0" total="0" passed="0" failed="0" warnings="0" inconclusive="0" skipped="0"><properties><property name="python_version" value="3.12.10 (main, Apr  9 2025, 03:49:38) [Clang 20.1.0 ]" /></properties><environment framework-version="3.6.2" clr-version="3.12.10 (main, Apr  9 2025, 03:49:38) [Clang 20.1.0 ]" os-version="24.6.0" platform="Darwin" cwd="/Users/davidtorres/Repos/GitHub/semantic-kernel" machine-name="arm64" user="" user-domain="" culture="C" uiculture="C" os-architecture="64bit" /></test-suite><test-suite id="python/tests/unit/connectors/ai/open_ai/services/test_openai_audio_to_text.py" name="python/tests/unit/connectors/ai/open_ai/services/test_openai_audio_to_text.py" fullname="python/tests/unit/connectors/ai/open_ai/services/test_openai_audio_to_text.py" methodname="" classname="" runstate="Runnable" type="Assembly" testcasecount="0" result="Passed" label="" start-time="0001-01-01 00:00:00.000000" end-time="0001-01-01 00:00:00.000000" duration="0.0" asserts="0" total="0" passed="0" failed="0" warnings="0" inconclusive="0" skipped="0"><properties><property name="python_version" value="3.12.10 (main, Apr  9 2025, 03:49:38) [Clang 20.1.0 ]" /></properties><environment framework-version="3.6.2" clr-version="3.12.10 (main, Apr  9 2025, 03:49:38) [Clang 20.1.0 ]" os-version="24.6.0" platform="Darwin" cwd="/Users/davidtorres/Repos/GitHub/semantic-kernel" machine-name="arm64" user="" user-domain="" culture="C" uiculture="C" os-architecture="64bit" /></test-suite><test-suite id="python/tests/unit/contents/test_streaming_annotation_content.py" name="python/tests/unit/contents/test_streaming_annotation_content.py" fullname="python/tests/unit/contents/test_streaming_annotation_content.py" methodname="" classname="" runstate="Runnable" type="Assembly" testcasecount="0" result="Passed" label="" start-time="0001-01-01 00:00:00.000000" end-time="0001-01-01 00:00:00.000000" duration="0.0" asserts="0" total="0" passed="0" failed="0" warnings="0" inconclusive="0" skipped="0"><properties><property name="python_version" value="3.12.10 (main, Apr  9 2025, 03:49:38) [Clang 20.1.0 ]" /></properties><environment framework-version="3.6.2" clr-version="3.12.10 (main, Apr  9 2025, 03:49:38) [Clang 20.1.0 ]" os-version="24.6.0" platform="Darwin" cwd="/Users/davidtorres/Repos/GitHub/semantic-kernel" machine-name="arm64" user="" user-domain="" culture="C" uiculture="C" os-architecture="64bit" /></test-suite><test-suite id="python/tests/unit/agents/orchestration/test_orchestration_tools.py" name="python/tests/unit/agents/orchestration/test_orchestration_tools.py" fullname="python/tests/unit/agents/orchestration/test_orchestration_tools.py" methodname="" classname="" runstate="Runnable" type="Assembly" testcasecount="0" result="Passed" label="" start-time="0001-01-01 00:00:00.000000" end-time="0001-01-01 00:00:00.000000" duration="0.0" asserts="0" total="0" passed="0" failed="0" warnings="0" inconclusive="0" skipped="0"><properties><property name="python_version" value="3.12.10 (main, Apr  9 2025, 03:49:38) [Clang 20.1.0 ]" /></properties><environment framework-version="3.6.2" clr-version="3.12.10 (main, Apr  9 2025, 03:49:38) [Clang 20.1.0 ]" os-version="24.6.0" platform="Darwin" cwd="/Users/davidtorres/Repos/GitHub/semantic-kernel" machine-name="arm64" user="" user-domain="" culture="C" uiculture="C" os-architecture="64bit" /></test-suite><test-suite id="python/tests/unit/template_engine/blocks/test_named_arg_block.py" name="python/tests/unit/template_engine/blocks/test_named_arg_block.py" fullname="python/tests/unit/template_engine/blocks/test_named_arg_block.py" methodname="" classname="" runstate="Runnable" type="Assembly" testcasecount="0" result="Passed" label="" start-time="0001-01-01 00:00:00.000000" end-time="0001-01-01 00:00:00.000000" duration="0.0" asserts="0" total="0" passed="0" failed="0" warnings="0" inconclusive="0" skipped="0"><properties><property name="python_version" value="3.12.10 (main, Apr  9 2025, 03:49:38) [Clang 20.1.0 ]" /></properties><environment framework-version="3.6.2" clr-version="3.12.10 (main, Apr  9 2025, 03:49:38) [Clang 20.1.0 ]" os-version="24.6.0" platform="Darwin" cwd="/Users/davidtorres/Repos/GitHub/semantic-kernel" machine-name="arm64" user="" user-domain="" culture="C" uiculture="C" os-architecture="64bit" /></test-suite><test-suite id="python/tests/unit/connectors/ai/test_prompt_execution_settings.py" name="python/tests/unit/connectors/ai/test_prompt_execution_settings.py" fullname="python/tests/unit/connectors/ai/test_prompt_execution_settings.py" methodname="" classname="" runstate="Runnable" type="Assembly" testcasecount="0" result="Passed" label="" start-time="0001-01-01 00:00:00.000000" end-time="0001-01-01 00:00:00.000000" duration="0.0" asserts="0" total="0" passed="0" failed="0" warnings="0" inconclusive="0" skipped="0"><properties><property name="python_version" value="3.12.10 (main, Apr  9 2025, 03:49:38) [Clang 20.1.0 ]" /></properties><environment framework-version="3.6.2" clr-version="3.12.10 (main, Apr  9 2025, 03:49:38) [Clang 20.1.0 ]" os-version="24.6.0" platform="Darwin" cwd="/Users/davidtorres/Repos/GitHub/semantic-kernel" machine-name="arm64" user="" user-domain="" culture="C" uiculture="C" os-architecture="64bit" /></test-suite><test-suite id="python/tests/unit/connectors/memory/azure_cosmos_db/test_azure_cosmos_db_mongodb_collection.py" name="python/tests/unit/connectors/memory/azure_cosmos_db/test_azure_cosmos_db_mongodb_collection.py" fullname="python/tests/unit/connectors/memory/azure_cosmos_db/test_azure_cosmos_db_mongodb_collection.py" methodname="" classname="" runstate="Runnable" type="Assembly" testcasecount="0" result="Passed" label="" start-time="0001-01-01 00:00:00.000000" end-time="0001-01-01 00:00:00.000000" duration="0.0" asserts="0" total="0" passed="0" failed="0" warnings="0" inconclusive="0" skipped="0"><properties><property name="python_version" value="3.12.10 (main, Apr  9 2025, 03:49:38) [Clang 20.1.0 ]" /></properties><environment framework-version="3.6.2" clr-version="3.12.10 (main, Apr  9 2025, 03:49:38) [Clang 20.1.0 ]" os-version="24.6.0" platform="Darwin" cwd="/Users/davidtorres/Repos/GitHub/semantic-kernel" machine-name="arm64" user="" user-domain="" culture="C" uiculture="C" os-architecture="64bit" /></test-suite><test-suite id="python/tests/unit/agents/chat_completion/test_chat_history_channel.py" name="python/tests/unit/agents/chat_completion/test_chat_history_channel.py" fullname="python/tests/unit/agents/chat_completion/test_chat_history_channel.py" methodname="" classname="" runstate="Runnable" type="Assembly" testcasecount="0" result="Passed" label="" start-time="0001-01-01 00:00:00.000000" end-time="0001-01-01 00:00:00.000000" duration="0.0" asserts="0" total="0" passed="0" failed="0" warnings="0" inconclusive="0" skipped="0"><properties><property name="python_version" value="3.12.10 (main, Apr  9 2025, 03:49:38) [Clang 20.1.0 ]" /></properties><environment framework-version="3.6.2" clr-version="3.12.10 (main, Apr  9 2025, 03:49:38) [Clang 20.1.0 ]" os-version="24.6.0" platform="Darwin" cwd="/Users/davidtorres/Repos/GitHub/semantic-kernel" machine-name="arm64" user="" user-domain="" culture="C" uiculture="C" os-architecture="64bit" /></test-suite><test-suite id="python/tests/unit/processes/kernel_process/test_kernel_process_function_target.py" name="python/tests/unit/processes/kernel_process/test_kernel_process_function_target.py" fullname="python/tests/unit/processes/kernel_process/test_kernel_process_function_target.py" methodname="" classname="" runstate="Runnable" type="Assembly" testcasecount="0" result="Passed" label="" start-time="0001-01-01 00:00:00.000000" end-time="0001-01-01 00:00:00.000000" duration="0.0" asserts="0" total="0" passed="0" failed="0" warnings="0" inconclusive="0" skipped="0"><properties><property name="python_version" value="3.12.10 (main, Apr  9 2025, 03:49:38) [Clang 20.1.0 ]" /></properties><environment framework-version="3.6.2" clr-version="3.12.10 (main, Apr  9 2025, 03:49:38) [Clang 20.1.0 ]" os-version="24.6.0" platform="Darwin" cwd="/Users/davidtorres/Repos/GitHub/semantic-kernel" machine-name="arm64" user="" user-domain="" culture="C" uiculture="C" os-architecture="64bit" /></test-suite><test-suite id="python/tests/unit/template_engine/blocks/test_function_id_block.py" name="python/tests/unit/template_engine/blocks/test_function_id_block.py" fullname="python/tests/unit/template_engine/blocks/test_function_id_block.py" methodname="" classname="" runstate="Runnable" type="Assembly" testcasecount="0" result="Passed" label="" start-time="0001-01-01 00:00:00.000000" end-time="0001-01-01 00:00:00.000000" duration="0.0" asserts="0" total="0" passed="0" failed="0" warnings="0" inconclusive="0" skipped="0"><properties><property name="python_version" value="3.12.10 (main, Apr  9 2025, 03:49:38) [Clang 20.1.0 ]" /></properties><environment framework-version="3.6.2" clr-version="3.12.10 (main, Apr  9 2025, 03:49:38) [Clang 20.1.0 ]" os-version="24.6.0" platform="Darwin" cwd="/Users/davidtorres/Repos/GitHub/semantic-kernel" machine-name="arm64" user="" user-domain="" culture="C" uiculture="C" os-architecture="64bit" /></test-suite><test-suite id="python/tests/unit/connectors/memory/test_sql_server.py::TestQueryBuilder" name="python/tests/unit/connectors/memory/test_sql_server.py::TestQueryBuilder" fullname="python/tests/unit/connectors/memory/test_sql_server.py::TestQueryBuilder" methodname="" classname="" runstate="Runnable" type="Assembly" testcasecount="0" result="Passed" label="" start-time="0001-01-01 00:00:00.000000" end-time="0001-01-01 00:00:00.000000" duration="0.0" asserts="0" total="0" passed="0" failed="0" warnings="0" inconclusive="0" skipped="0"><properties><property name="python_version" value="3.12.10 (main, Apr  9 2025, 03:49:38) [Clang 20.1.0 ]" /></properties><environment framework-version="3.6.2" clr-version="3.12.10 (main, Apr  9 2025, 03:49:38) [Clang 20.1.0 ]" os-version="24.6.0" platform="Darwin" cwd="/Users/davidtorres/Repos/GitHub/semantic-kernel" machine-name="arm64" user="" user-domain="" culture="C" uiculture="C" os-architecture="64bit" /></test-suite><test-suite id="python/tests/unit/template_engine/test_template_tokenizer.py" name="python/tests/unit/template_engine/test_template_tokenizer.py" fullname="python/tests/unit/template_engine/test_template_tokenizer.py" methodname="" classname="" runstate="Runnable" type="Assembly" testcasecount="0" result="Passed" label="" start-time="0001-01-01 00:00:00.000000" end-time="0001-01-01 00:00:00.000000" duration="0.0" asserts="0" total="0" passed="0" failed="0" warnings="0" inconclusive="0" skipped="0"><properties><property name="python_version" value="3.12.10 (main, Apr  9 2025, 03:49:38) [Clang 20.1.0 ]" /></properties><environment framework-version="3.6.2" clr-version="3.12.10 (main, Apr  9 2025, 03:49:38) [Clang 20.1.0 ]" os-version="24.6.0" platform="Darwin" cwd="/Users/davidtorres/Repos/GitHub/semantic-kernel" machine-name="arm64" user="" user-domain="" culture="C" uiculture="C" os-architecture="64bit" /></test-suite><test-suite id="python/tests/unit/kernel/test_kernel.py" name="python/tests/unit/kernel/test_kernel.py" fullname="python/tests/unit/kernel/test_kernel.py" methodname="" classname="" runstate="Runnable" type="Assembly" testcasecount="0" result="Passed" label="" start-time="0001-01-01 00:00:00.000000" end-time="0001-01-01 00:00:00.000000" duration="0.0" asserts="0" total="0" passed="0" failed="0" warnings="0" inconclusive="0" skipped="0"><properties><property name="python_version" value="3.12.10 (main, Apr  9 2025, 03:49:38) [Clang 20.1.0 ]" /></properties><environment framework-version="3.6.2" clr-version="3.12.10 (main, Apr  9 2025, 03:49:38) [Clang 20.1.0 ]" os-version="24.6.0" platform="Darwin" cwd="/Users/davidtorres/Repos/GitHub/semantic-kernel" machine-name="arm64" user="" user-domain="" culture="C" uiculture="C" os-architecture="64bit" /></test-suite><test-suite id="python/tests/unit/connectors/ai/open_ai/services/test_openai_chat_completion_base.py" name="python/tests/unit/connectors/ai/open_ai/services/test_openai_chat_completion_base.py" fullname="python/tests/unit/connectors/ai/open_ai/services/test_openai_chat_completion_base.py" methodname="" classname="" runstate="Runnable" type="Assembly" testcasecount="0" result="Passed" label="" start-time="0001-01-01 00:00:00.000000" end-time="0001-01-01 00:00:00.000000" duration="0.0" asserts="0" total="0" passed="0" failed="0" warnings="0" inconclusive="0" skipped="0"><properties><property name="python_version" value="3.12.10 (main, Apr  9 2025, 03:49:38) [Clang 20.1.0 ]" /></properties><environment framework-version="3.6.2" clr-version="3.12.10 (main, Apr  9 2025, 03:49:38) [Clang 20.1.0 ]" os-version="24.6.0" platform="Darwin" cwd="/Users/davidtorres/Repos/GitHub/semantic-kernel" machine-name="arm64" user="" user-domain="" culture="C" uiculture="C" os-architecture="64bit" /></test-suite><test-suite id="python/tests/unit/connectors/memory/azure_cosmos_db/test_azure_cosmos_db_no_sql_collection.py" name="python/tests/unit/connectors/memory/azure_cosmos_db/test_azure_cosmos_db_no_sql_collection.py" fullname="python/tests/unit/connectors/memory/azure_cosmos_db/test_azure_cosmos_db_no_sql_collection.py" methodname="" classname="" runstate="Runnable" type="Assembly" testcasecount="0" result="Passed" label="" start-time="0001-01-01 00:00:00.000000" end-time="0001-01-01 00:00:00.000000" duration="0.0" asserts="0" total="0" passed="0" failed="0" warnings="0" inconclusive="0" skipped="0"><properties><property name="python_version" value="3.12.10 (main, Apr  9 2025, 03:49:38) [Clang 20.1.0 ]" /></properties><environment framework-version="3.6.2" clr-version="3.12.10 (main, Apr  9 2025, 03:49:38) [Clang 20.1.0 ]" os-version="24.6.0" platform="Darwin" cwd="/Users/davidtorres/Repos/GitHub/semantic-kernel" machine-name="arm64" user="" user-domain="" culture="C" uiculture="C" os-architecture="64bit" /></test-suite><test-suite id="python/tests/unit/connectors/ai/hugging_face/test_hf_text_completions.py" name="python/tests/unit/connectors/ai/hugging_face/test_hf_text_completions.py" fullname="python/tests/unit/connectors/ai/hugging_face/test_hf_text_completions.py" methodname="" classname="" runstate="Runnable" type="Assembly" testcasecount="0" result="Passed" label="" start-time="0001-01-01 00:00:00.000000" end-time="0001-01-01 00:00:00.000000" duration="0.0" asserts="0" total="0" passed="0" failed="0" warnings="0" inconclusive="0" skipped="0"><properties><property name="python_version" value="3.12.10 (main, Apr  9 2025, 03:49:38) [Clang 20.1.0 ]" /></properties><environment framework-version="3.6.2" clr-version="3.12.10 (main, Apr  9 2025, 03:49:38) [Clang 20.1.0 ]" os-version="24.6.0" platform="Darwin" cwd="/Users/davidtorres/Repos/GitHub/semantic-kernel" machine-name="arm64" user="" user-domain="" culture="C" uiculture="C" os-architecture="64bit" /></test-suite><test-suite id="python/tests/unit/connectors/
[...]
ompt_template.py" fullname="python/tests/unit/prompt_template/test_handlebars_prompt_template.py" methodname="" classname="" runstate="Runnable" type="Assembly" testcasecount="0" result="Passed" label="" start-time="0001-01-01 00:00:00.000000" end-time="0001-01-01 00:00:00.000000" duration="0.0" asserts="0" total="0" passed="0" failed="0" warnings="0" inconclusive="0" skipped="0"><properties><property name="python_version" value="3.12.10 (main, Apr  9 2025, 03:49:38) [Clang 20.1.0 ]" /></properties><environment framework-version="3.6.2" clr-version="3.12.10 (main, Apr  9 2025, 03:49:38) [Clang 20.1.0 ]" os-version="24.6.0" platform="Darwin" cwd="/Users/davidtorres/Repos/GitHub/semantic-kernel" machine-name="arm64" user="" user-domain="" culture="C" uiculture="C" os-architecture="64bit" /></test-suite><test-suite id="python/tests/unit/agents/bedrock_agent/test_bedrock_agent_settings.py" name="python/tests/unit/agents/bedrock_agent/test_bedrock_agent_settings.py" fullname="python/tests/unit/agents/bedrock_agent/test_bedrock_agent_settings.py" methodname="" classname="" runstate="Runnable" type="Assembly" testcasecount="0" result="Passed" label="" start-time="0001-01-01 00:00:00.000000" end-time="0001-01-01 00:00:00.000000" duration="0.0" asserts="0" total="0" passed="0" failed="0" warnings="0" inconclusive="0" skipped="0"><properties><property name="python_version" value="3.12.10 (main, Apr  9 2025, 03:49:38) [Clang 20.1.0 ]" /></properties><environment framework-version="3.6.2" clr-version="3.12.10 (main, Apr  9 2025, 03:49:38) [Clang 20.1.0 ]" os-version="24.6.0" platform="Darwin" cwd="/Users/davidtorres/Repos/GitHub/semantic-kernel" machine-name="arm64" user="" user-domain="" culture="C" uiculture="C" os-architecture="64bit" /></test-suite><test-suite id="python/tests/unit/prompt_template/test_handlebars_prompt_template_e2e.py::TestHandlebarsPromptTemplateEngine" name="python/tests/unit/prompt_template/test_handlebars_prompt_template_e2e.py::TestHandlebarsPromptTemplateEngine" fullname="python/tests/unit/prompt_template/test_handlebars_prompt_template_e2e.py::TestHandlebarsPromptTemplateEngine" methodname="" classname="" runstate="Runnable" type="Assembly" testcasecount="0" result="Passed" label="" start-time="0001-01-01 00:00:00.000000" end-time="0001-01-01 00:00:00.000000" duration="0.0" asserts="0" total="0" passed="0" failed="0" warnings="0" inconclusive="0" skipped="0"><properties><property name="python_version" value="3.12.10 (main, Apr  9 2025, 03:49:38) [Clang 20.1.0 ]" /></properties><environment framework-version="3.6.2" clr-version="3.12.10 (main, Apr  9 2025, 03:49:38) [Clang 20.1.0 ]" os-version="24.6.0" platform="Darwin" cwd="/Users/davidtorres/Repos/GitHub/semantic-kernel" machine-name="arm64" user="" user-domain="" culture="C" uiculture="C" os-architecture="64bit" /></test-suite><test-suite id="python/tests/unit/template_engine/blocks/test_text_block.py" name="python/tests/unit/template_engine/blocks/test_text_block.py" fullname="python/tests/unit/template_engine/blocks/test_text_block.py" methodname="" classname="" runstate="Runnable" type="Assembly" testcasecount="0" result="Passed" label="" start-time="0001-01-01 00:00:00.000000" end-time="0001-01-01 00:00:00.000000" duration="0.0" asserts="0" total="0" passed="0" failed="0" warnings="0" inconclusive="0" skipped="0"><properties><property name="python_version" value="3.12.10 (main, Apr  9 2025, 03:49:38) [Clang 20.1.0 ]" /></properties><environment framework-version="3.6.2" clr-version="3.12.10 (main, Apr  9 2025, 03:49:38) [Clang 20.1.0 ]" os-version="24.6.0" platform="Darwin" cwd="/Users/davidtorres/Repos/GitHub/semantic-kernel" machine-name="arm64" user="" user-domain="" culture="C" uiculture="C" os-architecture="64bit" /></test-suite><test-suite id="python/tests/unit/template_engine/blocks/test_val_block.py" name="python/tests/unit/template_engine/blocks/test_val_block.py" fullname="python/tests/unit/template_engine/blocks/test_val_block.py" methodname="" classname="" runstate="Runnable" type="Assembly" testcasecount="0" result="Passed" label="" start-time="0001-01-01 00:00:00.000000" end-time="0001-01-01 00:00:00.000000" duration="0.0" asserts="0" total="0" passed="0" failed="0" warnings="0" inconclusive="0" skipped="0"><properties><property name="python_version" value="3.12.10 (main, Apr  9 2025, 03:49:38) [Clang 20.1.0 ]" /></properties><environment framework-version="3.6.2" clr-version="3.12.10 (main, Apr  9 2025, 03:49:38) [Clang 20.1.0 ]" os-version="24.6.0" platform="Darwin" cwd="/Users/davidtorres/Repos/GitHub/semantic-kernel" machine-name="arm64" user="" user-domain="" culture="C" uiculture="C" os-architecture="64bit" /></test-suite><test-suite id="python/tests/unit/utils/agent_diagnostics/test_trace_open_ai_assistant_agent.py" name="python/tests/unit/utils/agent_diagnostics/test_trace_open_ai_assistant_agent.py" fullname="python/tests/unit/utils/agent_diagnostics/test_trace_open_ai_assistant_agent.py" methodname="" classname="" runstate="Runnable" type="Assembly" testcasecount="0" result="Passed" label="" start-time="0001-01-01 00:00:00.000000" end-time="0001-01-01 00:00:00.000000" duration="0.0" asserts="0" total="0" passed="0" failed="0" warnings="0" inconclusive="0" skipped="0"><properties><property name="python_version" value="3.12.10 (main, Apr  9 2025, 03:49:38) [Clang 20.1.0 ]" /></properties><environment framework-version="3.6.2" clr-version="3.12.10 (main, Apr  9 2025, 03:49:38) [Clang 20.1.0 ]" os-version="24.6.0" platform="Darwin" cwd="/Users/davidtorres/Repos/GitHub/semantic-kernel" machine-name="arm64" user="" user-domain="" culture="C" uiculture="C" os-architecture="64bit" /></test-suite><test-suite id="python/tests/unit/utils/test_chat.py" name="python/tests/unit/utils/test_chat.py" fullname="python/tests/unit/utils/test_chat.py" methodname="" classname="" runstate="Runnable" type="Assembly" testcasecount="0" result="Passed" label="" start-time="0001-01-01 00:00:00.000000" end-time="0001-01-01 00:00:00.000000" duration="0.0" asserts="0" total="0" passed="0" failed="0" warnings="0" inconclusive="0" skipped="0"><properties><property name="python_version" value="3.12.10 (main, Apr  9 2025, 03:49:38) [Clang 20.1.0 ]" /></properties><environment framework-version="3.6.2" clr-version="3.12.10 (main, Apr  9 2025, 03:49:38) [Clang 20.1.0 ]" os-version="24.6.0" platform="Darwin" cwd="/Users/davidtorres/Repos/GitHub/semantic-kernel" machine-name="arm64" user="" user-domain="" culture="C" uiculture="C" os-architecture="64bit" /></test-suite><test-suite id="python/tests/unit/connectors/ai/open_ai/services/test_azure_text_to_image.py" name="python/tests/unit/connectors/ai/open_ai/services/test_azure_text_to_image.py" fullname="python/tests/unit/connectors/ai/open_ai/services/test_azure_text_to_image.py" methodname="" classname="" runstate="Runnable" type="Assembly" testcasecount="0" result="Passed" label="" start-time="0001-01-01 00:00:00.000000" end-time="0001-01-01 00:00:00.000000" duration="0.0" asserts="0" total="0" passed="0" failed="0" warnings="0" inconclusive="0" skipped="0"><properties><property name="python_version" value="3.12.10 (main, Apr  9 2025, 03:49:38) [Clang 20.1.0 ]" /></properties><environment framework-version="3.6.2" clr-version="3.12.10 (main, Apr  9 2025, 03:49:38) [Clang 20.1.0 ]" os-version="24.6.0" platform="Darwin" cwd="/Users/davidtorres/Repos/GitHub/semantic-kernel" machine-name="arm64" user="" user-domain="" culture="C" uiculture="C" os-architecture="64bit" /></test-suite><test-suite id="python/tests/unit/data/test_vector_store_record_definition.py" name="python/tests/unit/data/test_vector_store_record_definition.py" fullname="python/tests/unit/data/test_vector_store_record_definition.py" methodname="" classname="" runstate="Runnable" type="Assembly" testcasecount="0" result="Passed" label="" start-time="0001-01-01 00:00:00.000000" end-time="0001-01-01 00:00:00.000000" duration="0.0" asserts="0" total="0" passed="0" failed="0" warnings="0" inconclusive="0" skipped="0"><properties><property name="python_version" value="3.12.10 (main, Apr  9 2025, 03:49:38) [Clang 20.1.0 ]" /></properties><environment framework-version="3.6.2" clr-version="3.12.10 (main, Apr  9 2025, 03:49:38) [Clang 20.1.0 ]" os-version="24.6.0" platform="Darwin" cwd="/Users/davidtorres/Repos/GitHub/semantic-kernel" machine-name="arm64" user="" user-domain="" culture="C" uiculture="C" os-architecture="64bit" /></test-suite><test-suite id="python/tests/unit/agents/orchestration/test_handoff.py" name="python/tests/unit/agents/orchestration/test_handoff.py" fullname="python/tests/unit/agents/orchestration/test_handoff.py" methodname="" classname="" runstate="Runnable" type="Assembly" testcasecount="0" result="Passed" label="" start-time="0001-01-01 00:00:00.000000" end-time="0001-01-01 00:00:00.000000" duration="0.0" asserts="0" total="0" passed="0" failed="0" warnings="0" inconclusive="0" skipped="0"><properties><property name="python_version" value="3.12.10 (main, Apr  9 2025, 03:49:38) [Clang 20.1.0 ]" /></properties><environment framework-version="3.6.2" clr-version="3.12.10 (main, Apr  9 2025, 03:49:38) [Clang 20.1.0 ]" os-version="24.6.0" platform="Darwin" cwd="/Users/davidtorres/Repos/GitHub/semantic-kernel" machine-name="arm64" user="" user-domain="" culture="C" uiculture="C" os-architecture="64bit" /></test-suite><test-suite id="python/tests/unit/agents/test_group_chat_strategies/test_aggregator_termination_strategy.py" name="python/tests/unit/agents/test_group_chat_strategies/test_aggregator_termination_strategy.py" fullname="python/tests/unit/agents/test_group_chat_strategies/test_aggregator_termination_strategy.py" methodname="" classname="" runstate="Runnable" type="Assembly" testcasecount="0" result="Passed" label="" start-time="0001-01-01 00:00:00.000000" end-time="0001-01-01 00:00:00.000000" duration="0.0" asserts="0" total="0" passed="0" failed="0" warnings="0" inconclusive="0" skipped="0"><properties><property name="python_version" value="3.12.10 (main, Apr  9 2025, 03:49:38) [Clang 20.1.0 ]" /></properties><environment framework-version="3.6.2" clr-version="3.12.10 (main, Apr  9 2025, 03:49:38) [Clang 20.1.0 ]" os-version="24.6.0" platform="Darwin" cwd="/Users/davidtorres/Repos/GitHub/semantic-kernel" machine-name="arm64" user="" user-domain="" culture="C" uiculture="C" os-architecture="64bit" /></test-suite><test-suite id="python/tests/unit/functions/test_function_result.py" name="python/tests/unit/functions/test_function_result.py" fullname="python/tests/unit/functions/test_function_result.py" methodname="" classname="" runstate="Runnable" type="Assembly" testcasecount="0" result="Passed" label="" start-time="0001-01-01 00:00:00.000000" end-time="0001-01-01 00:00:00.000000" duration="0.0" asserts="0" total="0" passed="0" failed="0" warnings="0" inconclusive="0" skipped="0"><properties><property name="python_version" value="3.12.10 (main, Apr  9 2025, 03:49:38) [Clang 20.1.0 ]" /></properties><environment framework-version="3.6.2" clr-version="3.12.10 (main, Apr  9 2025, 03:49:38) [Clang 20.1.0 ]" os-version="24.6.0" platform="Darwin" cwd="/Users/davidtorres/Repos/GitHub/semantic-kernel" machine-name="arm64" user="" user-domain="" culture="C" uiculture="C" os-architecture="64bit" /></test-suite><test-suite id="python/tests/unit/agents/orchestration/test_orchestration_base.py" name="python/tests/unit/agents/orchestration/test_orchestration_base.py" fullname="python/tests/unit/agents/orchestration/test_orchestration_base.py" methodname="" classname="" runstate="Runnable" type="Assembly" testcasecount="0" result="Passed" label="" start-time="0001-01-01 00:00:00.000000" end-time="0001-01-01 00:00:00.000000" duration="0.0" asserts="0" total="0" passed="0" failed="0" warnings="0" inconclusive="0" skipped="0"><properties><property name="python_version" value="3.12.10 (main, Apr  9 2025, 03:49:38) [Clang 20.1.0 ]" /></properties><environment framework-version="3.6.2" clr-version="3.12.10 (main, Apr  9 2025, 03:49:38) [Clang 20.1.0 ]" os-version="24.6.0" platform="Darwin" cwd="/Users/davidtorres/Repos/GitHub/semantic-kernel" machine-name="arm64" user="" user-domain="" culture="C" uiculture="C" os-architecture="64bit" /></test-suite><test-suite id="python/tests/unit/kernel/test_kernel_filter_extension.py" name="python/tests/unit/kernel/test_kernel_filter_extension.py" fullname="python/tests/unit/kernel/test_kernel_filter_extension.py" methodname="" classname="" runstate="Runnable" type="Assembly" testcasecount="0" result="Passed" label="" start-time="0001-01-01 00:00:00.000000" end-time="0001-01-01 00:00:00.000000" duration="0.0" asserts="0" total="0" passed="0" failed="0" warnings="0" inconclusive="0" skipped="0"><properties><property name="python_version" value="3.12.10 (main, Apr  9 2025, 03:49:38) [Clang 20.1.0 ]" /></properties><environment framework-version="3.6.2" clr-version="3.12.10 (main, Apr  9 2025, 03:49:38) [Clang 20.1.0 ]" os-version="24.6.0" platform="Darwin" cwd="/Users/davidtorres/Repos/GitHub/semantic-kernel" machine-name="arm64" user="" user-domain="" culture="C" uiculture="C" os-architecture="64bit" /></test-suite><test-suite id="python/tests/integration/cross_language/test_cross_language.py" name="python/tests/integration/cross_language/test_cross_language.py" fullname="python/tests/integration/cross_language/test_cross_language.py" methodname="" classname="" runstate="Runnable" type="Assembly" testcasecount="0" result="Passed" label="" start-time="0001-01-01 00:00:00.000000" end-time="0001-01-01 00:00:00.000000" duration="0.0" asserts="0" total="0" passed="0" failed="0" warnings="0" inconclusive="0" skipped="0"><properties><property name="python_version" value="3.12.10 (main, Apr  9 2025, 03:49:38) [Clang 20.1.0 ]" /></properties><environment framework-version="3.6.2" clr-version="3.12.10 (main, Apr  9 2025, 03:49:38) [Clang 20.1.0 ]" os-version="24.6.0" platform="Darwin" cwd="/Users/davidtorres/Repos/GitHub/semantic-kernel" machine-name="arm64" user="" user-domain="" culture="C" uiculture="C" os-architecture="64bit" /></test-suite><test-suite id="python/tests/unit/processes/test_process_edge_builder.py" name="python/tests/unit/processes/test_process_edge_builder.py" fullname="python/tests/unit/processes/test_process_edge_builder.py" methodname="" classname="" runstate="Runnable" type="Assembly" testcasecount="0" result="Passed" label="" start-time="0001-01-01 00:00:00.000000" end-time="0001-01-01 00:00:00.000000" duration="0.0" asserts="0" total="0" passed="0" failed="0" warnings="0" inconclusive="0" skipped="0"><properties><property name="python_version" value="3.12.10 (main, Apr  9 2025, 03:49:38) [Clang 20.1.0 ]" /></properties><environment framework-version="3.6.2" clr-version="3.12.10 (main, Apr  9 2025, 03:49:38) [Clang 20.1.0 ]" os-version="24.6.0" platform="Darwin" cwd="/Users/davidtorres/Repos/GitHub/semantic-kernel" machine-name="arm64" user="" user-domain="" culture="C" uiculture="C" os-architecture="64bit" /></test-suite><test-suite id="python/tests/integration/agents/openai_responses_agent/test_openai_responses_agent_integration.py::TestOpenAIResponsesAgentIntegration" name="python/tests/integration/agents/openai_responses_agent/test_openai_responses_agent_integration.py::TestOpenAIResponsesAgentIntegration" fullname="python/tests/integration/agents/openai_responses_agent/test_openai_responses_agent_integration.py::TestOpenAIResponsesAgentIntegration" methodname="" classname="" runstate="Runnable" type="Assembly" testcasecount="0" result="Passed" label="" start-time="0001-01-01 00:00:00.000000" end-time="0001-01-01 00:00:00.000000" duration="0.0" asserts="0" total="0" passed="0" failed="0" warnings="0" inconclusive="0" skipped="0"><properties><property name="python_version" value="3.12.10 (main, Apr  9 2025, 03:49:38) [Clang 20.1.0 ]" /></properties><environment framework-version="3.6.2" clr-version="3.12.10 (main, Apr  9 2025, 03:49:38) [Clang 20.1.0 ]" os-version="24.6.0" platform="Darwin" cwd="/Users/davidtorres/Repos/GitHub/semantic-kernel" machine-name="arm64" user="" user-domain="" culture="C" uiculture="C" os-architecture="64bit" /></test-suite><test-suite id="python/tests/unit/agents/bedrock_agent/test_bedrock_agent_status.py" name="python/tests/unit/agents/bedrock_agent/test_bedrock_agent_status.py" fullname="python/tests/unit/agents/bedrock_agent/test_bedrock_agent_status.py" methodname="" classname="" runstate="Runnable" type="Assembly" testcasecount="0" result="Passed" label="" start-time="0001-01-01 00:00:00.000000" end-time="0001-01-01 00:00:00.000000" duration="0.0" asserts="0" total="0" passed="0" failed="0" warnings="0" inconclusive="0" skipped="0"><properties><property name="python_version" value="3.12.10 (main, Apr  9 2025, 03:49:38) [Clang 20.1.0 ]" /></properties><environment framework-version="3.6.2" clr-version="3.12.10 (main, Apr  9 2025, 03:49:38) [Clang 20.1.0 ]" os-version="24.6.0" platform="Darwin" cwd="/Users/davidtorres/Repos/GitHub/semantic-kernel" machine-name="arm64" user="" user-domain="" culture="C" uiculture="C" os-architecture="64bit" /></test-suite><test-suite id="python/tests/unit/core_plugins/test_time_plugin.py" name="python/tests/unit/core_plugins/test_time_plugin.py" fullname="python/tests/unit/core_plugins/test_time_plugin.py" methodname="" classname="" runstate="Runnable" type="Assembly" testcasecount="0" result="Passed" label="" start-time="0001-01-01 00:00:00.000000" end-time="0001-01-01 00:00:00.000000" duration="0.0" asserts="0" total="0" passed="0" failed="0" warnings="0" inconclusive="0" skipped="0"><properties><property name="python_version" value="3.12.10 (main, Apr  9 2025, 03:49:38) [Clang 20.1.0 ]" /></properties><environment framework-version="3.6.2" clr-version="3.12.10 (main, Apr  9 2025, 03:49:38) [Clang 20.1.0 ]" os-version="24.6.0" platform="Darwin" cwd="/Users/davidtorres/Repos/GitHub/semantic-kernel" machine-name="arm64" user="" user-domain="" culture="C" uiculture="C" os-architecture="64bit" /></test-suite><test-suite id="python/tests/unit/connectors/ai/open_ai/test_openai_request_settings.py" name="python/tests/unit/connectors/ai/open_ai/test_openai_request_settings.py" fullname="python/tests/unit/connectors/ai/open_ai/test_openai_request_settings.py" methodname="" classname="" runstate="Runnable" type="Assembly" testcasecount="0" result="Passed" label="" start-time="0001-01-01 00:00:00.000000" end-time="0001-01-01 00:00:00.000000" duration="0.0" asserts="0" total="0" passed="0" failed="0" warnings="0" inconclusive="0" skipped="0"><properties><property name="python_version" value="3.12.10 (main, Apr  9 2025, 03:49:38) [Clang 20.1.0 ]" /></properties><environment framework-version="3.6.2" clr-version="3.12.10 (main, Apr  9 2025, 03:49:38) [Clang 20.1.0 ]" os-version="24.6.0" platform="Darwin" cwd="/Users/davidtorres/Repos/GitHub/semantic-kernel" machine-name="arm64" user="" user-domain="" culture="C" uiculture="C" os-architecture="64bit" /></test-suite><test-suite id="python/tests/unit/processes/kernel_process/test_kernel_process_step_state.py" name="python/tests/unit/processes/kernel_process/test_kernel_process_step_state.py" fullname="python/tests/unit/processes/kernel_process/test_kernel_process_step_state.py" methodname="" classname="" runstate="Runnable" type="Assembly" testcasecount="0" result="Passed" label="" start-time="0001-01-01 00:00:00.000000" end-time="0001-01-01 00:00:00.000000" duration="0.0" asserts="0" total="0" passed="0" failed="0" warnings="0" inconclusive="0" skipped="0"><properties><property name="python_version" value="3.12.10 (main, Apr  9 2025, 03:49:38) [Clang 20.1.0 ]" /></properties><environment framework-version="3.6.2" clr-version="3.12.10 (main, Apr  9 2025, 03:49:38) [Clang 20.1.0 ]" os-version="24.6.0" platform="Darwin" cwd="/Users/davidtorres/Repos/GitHub/semantic-kernel" machine-name="arm64" user="" user-domain="" culture="C" uiculture="C" os-architecture="64bit" /></test-suite></test-run>